# JRE version: Java(TM) SE Runtime Environment (8.0_66-b17) (build 1.8.0_66-b17)
# Java VM: Java HotSpot(TM) 64-Bit Server VM (25.66-b17 mixed mode bsd-amd64 compressed oops)
Heap:
 PSYoungGen      total 65024K, used 15866K [0x00000007aab00000, 0x00000007b1780000, 0x00000007c0000000)
  eden space 50176K, 31% used [0x00000007aab00000,0x00000007aba7ea40,0x00000007adc00000)
  from space 14848K, 0% used [0x00000007adc00000,0x00000007adc00000,0x00000007aea80000)
  to   space 15360K, 0% used [0x00000007b0880000,0x00000007b0880000,0x00000007b1780000)
 ParOldGen       total 73728K, used 43513K [0x0000000780000000, 0x0000000784800000, 0x00000007aab00000)
  object space 73728K, 59% used [0x0000000780000000,0x0000000782a7e718,0x0000000784800000)
 Metaspace       used 20858K, capacity 21067K, committed 21296K, reserved 1069056K
  class space    used 2014K, capacity 2110K, committed 2176K, reserved 1048576K
GC Heap History (10 events):
Event: 14.299 GC heap before
{Heap before GC invocations=8 (full 0):
 PSYoungGen      total 25600K, used 23936K [0x00000007aab00000, 0x00000007ade00000, 0x00000007c0000000)
  eden space 16384K, 100% used [0x00000007aab00000,0x00000007abb00000,0x00000007abb00000)
  from space 9216K, 81% used [0x00000007abb00000,0x00000007ac2601b0,0x00000007ac400000)
  to   space 9728K, 0% used [0x00000007ad480000,0x00000007ad480000,0x00000007ade00000)
 ParOldGen       total 44032K, used 15970K [0x0000000780000000, 0x0000000782b00000, 0x00000007aab00000)
  object space 44032K, 36% used [0x0000000780000000,0x0000000780f98890,0x0000000782b00000)
 Metaspace       used 20426K, capacity 20651K, committed 20864K, reserved 1069056K
  class space    used 2006K, capacity 2078K, committed 2176K, reserved 1048576K
Event: 14.334 GC heap after
Heap after GC invocations=8 (full 0):
 PSYoungGen      total 41472K, used 9536K [0x00000007aab00000, 0x00000007ae000000, 0x00000007c0000000)
  eden space 31744K, 0% used [0x00000007aab00000,0x00000007aab00000,0x00000007aca00000)
  from space 9728K, 98% used [0x00000007ad480000,0x00000007addd0250,0x00000007ade00000)
  to   space 10752K, 0% used [0x00000007aca00000,0x00000007aca00000,0x00000007ad480000)
 ParOldGen       total 44032K, used 17194K [0x0000000780000000, 0x0000000782b00000, 0x00000007aab00000)
  object space 44032K, 39% used [0x0000000780000000,0x00000007810caba0,0x0000000782b00000)
 Metaspace       used 20426K, capacity 20651K, committed 20864K, reserved 1069056K
  class space    used 2006K, capacity 2078K, committed 2176K, reserved 1048576K
}
Event: 15.625 GC heap before
{Heap before GC invocations=9 (full 0):
 PSYoungGen      total 41472K, used 41278K [0x00000007aab00000, 0x00000007ae000000, 0x00000007c0000000)
  eden space 31744K, 99% used [0x00000007aab00000,0x00000007ac9ff920,0x00000007aca00000)
  from space 9728K, 98% used [0x00000007ad480000,0x00000007addd0250,0x00000007ade00000)
  to   space 10752K, 0% used [0x00000007aca00000,0x00000007aca00000,0x00000007ad480000)
 ParOldGen       total 44032K, used 17194K [0x0000000780000000, 0x0000000782b00000, 0x00000007aab00000)
  object space 44032K, 39% used [0x0000000780000000,0x00000007810caba0,0x0000000782b00000)
 Metaspace       used 20498K, capacity 20715K, committed 20864K, reserved 1069056K
  class space    used 2006K, capacity 2078K, committed 2176K, reserved 1048576K
Event: 15.647 GC heap after
Heap after GC invocations=9 (full 0):
 PSYoungGen      total 42496K, used 10720K [0x00000007aab00000, 0x00000007af800000, 0x00000007c0000000)
  eden space 31744K, 0% used [0x00000007aab00000,0x00000007aab00000,0x00000007aca00000)
  from space 10752K, 99% used [0x00000007aca00000,0x00000007ad4782a0,0x00000007ad480000)
  to   space 13824K, 0% used [0x00000007aea80000,0x00000007aea80000,0x00000007af800000)
 ParOldGen       total 44032K, used 21355K [0x0000000780000000, 0x0000000782b00000, 0x00000007aab00000)
  object space 44032K, 48% used [0x0000000780000000,0x00000007814daca0,0x0000000782b00000)
 Metaspace       used 20498K, capacity 20715K, committed 20864K, reserved 1069056K
  class space    used 2006K, capacity 2078K, committed 2176K, reserved 1048576K
}
Event: 17.404 GC heap before
{Heap before GC invocations=10 (full 0):
 PSYoungGen      total 42496K, used 42405K [0x00000007aab00000, 0x00000007af800000, 0x00000007c0000000)
  eden space 31744K, 99% used [0x00000007aab00000,0x00000007ac9f12e8,0x00000007aca00000)
  from space 10752K, 99% used [0x00000007aca00000,0x00000007ad4782a0,0x00000007ad480000)
  to   space 13824K, 0% used [0x00000007aea80000,0x00000007aea80000,0x00000007af800000)
 ParOldGen       total 44032K, used 21355K [0x0000000780000000, 0x0000000782b00000, 0x00000007aab00000)
  object space 44032K, 48% used [0x0000000780000000,0x00000007814daca0,0x0000000782b00000)
 Metaspace       used 20565K, capacity 20715K, committed 20864K, reserved 1069056K
  class space    used 2006K, capacity 2078K, committed 2176K, reserved 1048576K
Event: 17.429 GC heap after
Heap after GC invocations=10 (full 0):
 PSYoungGen      total 64000K, used 12000K [0x00000007aab00000, 0x00000007afa00000, 0x00000007c0000000)
  eden space 50176K, 0% used [0x00000007aab00000,0x00000007aab00000,0x00000007adc00000)
  from space 13824K, 86% used [0x00000007aea80000,0x00000007af6382e0,0x00000007af800000)
  to   space 14848K, 0% used [0x00000007adc00000,0x00000007adc00000,0x00000007aea80000)
 ParOldGen       total 44032K, used 26019K [0x0000000780000000, 0x0000000782b00000, 0x00000007aab00000)
  object space 44032K, 59% used [0x0000000780000000,0x0000000781968dc0,0x0000000782b00000)
 Metaspace       used 20565K, capacity 20715K, committed 20864K, reserved 1069056K
  class space    used 2006K, capacity 2078K, committed 2176K, reserved 1048576K
}
Event: 20.301 GC heap before
{Heap before GC invocations=11 (full 0):
 PSYoungGen      total 64000K, used 62123K [0x00000007aab00000, 0x00000007afa00000, 0x00000007c0000000)
  eden space 50176K, 99% used [0x00000007aab00000,0x00000007adbf2938,0x00000007adc00000)
  from space 13824K, 86% used [0x00000007aea80000,0x00000007af6382e0,0x00000007af800000)
  to   space 14848K, 0% used [0x00000007adc00000,0x00000007adc00000,0x00000007aea80000)
 ParOldGen       total 44032K, used 26019K [0x0000000780000000, 0x0000000782b00000, 0x00000007aab00000)
  object space 44032K, 59% used [0x0000000780000000,0x0000000781968dc0,0x0000000782b00000)
 Metaspace       used 20792K, capacity 21035K, committed 21296K, reserved 1069056K
  class space    used 2006K, capacity 2078K, committed 2176K, reserved 1048576K
Event: 20.323 GC heap after
Heap after GC invocations=11 (full 0):
 PSYoungGen      total 65024K, used 10272K [0x00000007aab00000, 0x00000007b1780000, 0x00000007c0000000)
  eden space 50176K, 0% used [0x00000007aab00000,0x00000007aab00000,0x00000007adc00000)
  from space 14848K, 69% used [0x00000007adc00000,0x00000007ae608280,0x00000007aea80000)
  to   space 15360K, 0% used [0x00000007b0880000,0x00000007b0880000,0x00000007b1780000)
 ParOldGen       total 44032K, used 37084K [0x0000000780000000, 0x0000000782b00000, 0x00000007aab00000)
  object space 44032K, 84% used [0x0000000780000000,0x0000000782437070,0x0000000782b00000)
 Metaspace       used 20792K, capacity 21035K, committed 21296K, reserved 1069056K
  class space    used 2006K, capacity 2078K, committed 2176K, reserved 1048576K
}
Event: 20.323 GC heap before
{Heap before GC invocations=12 (full 1):
 PSYoungGen      total 65024K, used 10272K [0x00000007aab00000, 0x00000007b1780000, 0x00000007c0000000)
  eden space 50176K, 0% used [0x00000007aab00000,0x00000007aab00000,0x00000007adc00000)
  from space 14848K, 69% used [0x00000007adc00000,0x00000007ae608280,0x00000007aea80000)
  to   space 15360K, 0% used [0x00000007b0880000,0x00000007b0880000,0x00000007b1780000)
 ParOldGen       total 44032K, used 37084K [0x0000000780000000, 0x0000000782b00000, 0x00000007aab00000)
  object space 44032K, 84% used [0x0000000780000000,0x0000000782437070,0x0000000782b00000)
 Metaspace       used 20792K, capacity 21035K, committed 21296K, reserved 1069056K
  class space    used 2006K, capacity 2078K, committed 2176K, reserved 1048576K
Event: 20.449 GC heap after
Heap after GC invocations=12 (full 1):
 PSYoungGen      total 65024K, used 0K [0x00000007aab00000, 0x00000007b1780000, 0x00000007c0000000)
  eden space 50176K, 0% used [0x00000007aab00000,0x00000007aab00000,0x00000007adc00000)
  from space 14848K, 0% used [0x00000007adc00000,0x00000007adc00000,0x00000007aea80000)
  to   space 15360K, 0% used [0x00000007b0880000,0x00000007b0880000,0x00000007b1780000)
 ParOldGen       total 73728K, used 43513K [0x0000000780000000, 0x0000000784800000, 0x00000007aab00000)
  object space 73728K, 59% used [0x0000000780000000,0x0000000782a7e718,0x0000000784800000)
 Metaspace       used 20792K, capacity 21035K, committed 21296K, reserved 1069056K
  class space    used 2006K, capacity 2078K, committed 2176K, reserved 1048576K
}

