# JRE version: Java(TM) SE Runtime Environment (8.0_66-b17) (build 1.8.0_66-b17)
# Java VM: Java HotSpot(TM) 64-Bit Server VM (25.66-b17 mixed mode bsd-amd64 compressed oops)
Heap:
 PSYoungGen      total 18432K, used 9159K [0x00000007aab00000, 0x00000007abf00000, 0x00000007c0000000)
  eden space 16384K, 55% used [0x00000007aab00000,0x00000007ab3d9e18,0x00000007abb00000)
  from space 2048K, 4% used [0x00000007abd00000,0x00000007abd18000,0x00000007abf00000)
  to   space 2048K, 0% used [0x00000007abb00000,0x00000007abb00000,0x00000007abd00000)
 ParOldGen       total 44032K, used 18338K [0x0000000780000000, 0x0000000782b00000, 0x00000007aab00000)
  object space 44032K, 41% used [0x0000000780000000,0x00000007811e8bb8,0x0000000782b00000)
 Metaspace       used 20826K, capacity 21003K, committed 21120K, reserved 1069056K
  class space    used 2026K, capacity 2110K, committed 2176K, reserved 1048576K
GC Heap History (10 events):
Event: 216.658 GC heap before
{Heap before GC invocations=38 (full 0):
 PSYoungGen      total 18944K, used 16480K [0x00000007aab00000, 0x00000007ac000000, 0x00000007c0000000)
  eden space 16384K, 100% used [0x00000007aab00000,0x00000007abb00000,0x00000007abb00000)
  from space 2560K, 3% used [0x00000007abb00000,0x00000007abb18000,0x00000007abd80000)
  to   space 2560K, 0% used [0x00000007abd80000,0x00000007abd80000,0x00000007ac000000)
 ParOldGen       total 44032K, used 18338K [0x0000000780000000, 0x0000000782b00000, 0x00000007aab00000)
  object space 44032K, 41% used [0x0000000780000000,0x00000007811e8bb8,0x0000000782b00000)
 Metaspace       used 20786K, capacity 21003K, committed 21120K, reserved 1069056K
  class space    used 2018K, capacity 2110K, committed 2176K, reserved 1048576K
Event: 216.659 GC heap after
Heap after GC invocations=38 (full 0):
 PSYoungGen      total 18944K, used 96K [0x00000007aab00000, 0x00000007ac000000, 0x00000007c0000000)
  eden space 16384K, 0% used [0x00000007aab00000,0x00000007aab00000,0x00000007abb00000)
  from space 2560K, 3% used [0x00000007abd80000,0x00000007abd98000,0x00000007ac000000)
  to   space 2560K, 0% used [0x00000007abb00000,0x00000007abb00000,0x00000007abd80000)
 ParOldGen       total 44032K, used 18338K [0x0000000780000000, 0x0000000782b00000, 0x00000007aab00000)
  object space 44032K, 41% used [0x0000000780000000,0x00000007811e8bb8,0x0000000782b00000)
 Metaspace       used 20786K, capacity 21003K, committed 21120K, reserved 1069056K
  class space    used 2018K, capacity 2110K, committed 2176K, reserved 1048576K
}
Event: 223.077 GC heap before
{Heap before GC invocations=39 (full 0):
 PSYoungGen      total 18944K, used 16480K [0x00000007aab00000, 0x00000007ac000000, 0x00000007c0000000)
  eden space 16384K, 100% used [0x00000007aab00000,0x00000007abb00000,0x00000007abb00000)
  from space 2560K, 3% used [0x00000007abd80000,0x00000007abd98000,0x00000007ac000000)
  to   space 2560K, 0% used [0x00000007abb00000,0x00000007abb00000,0x00000007abd80000)
 ParOldGen       total 44032K, used 18338K [0x0000000780000000, 0x0000000782b00000, 0x00000007aab00000)
  object space 44032K, 41% used [0x0000000780000000,0x00000007811e8bb8,0x0000000782b00000)
 Metaspace       used 20786K, capacity 21003K, committed 21120K, reserved 1069056K
  class space    used 2018K, capacity 2110K, committed 2176K, reserved 1048576K
Event: 223.080 GC heap after
Heap after GC invocations=39 (full 0):
 PSYoungGen      total 16896K, used 96K [0x00000007aab00000, 0x00000007abf00000, 0x00000007c0000000)
  eden space 16384K, 0% used [0x00000007aab00000,0x00000007aab00000,0x00000007abb00000)
  from space 512K, 18% used [0x00000007abb00000,0x00000007abb18000,0x00000007abb80000)
  to   space 2048K, 0% used [0x00000007abd00000,0x00000007abd00000,0x00000007abf00000)
 ParOldGen       total 44032K, used 18338K [0x0000000780000000, 0x0000000782b00000, 0x00000007aab00000)
  object space 44032K, 41% used [0x0000000780000000,0x00000007811e8bb8,0x0000000782b00000)
 Metaspace       used 20786K, capacity 21003K, committed 21120K, reserved 1069056K
  class space    used 2018K, capacity 2110K, committed 2176K, reserved 1048576K
}
Event: 229.508 GC heap before
{Heap before GC invocations=40 (full 0):
 PSYoungGen      total 16896K, used 16480K [0x00000007aab00000, 0x00000007abf00000, 0x00000007c0000000)
  eden space 16384K, 100% used [0x00000007aab00000,0x00000007abb00000,0x00000007abb00000)
  from space 512K, 18% used [0x00000007abb00000,0x00000007abb18000,0x00000007abb80000)
  to   space 2048K, 0% used [0x00000007abd00000,0x00000007abd00000,0x00000007abf00000)
 ParOldGen       total 44032K, used 18338K [0x0000000780000000, 0x0000000782b00000, 0x00000007aab00000)
  object space 44032K, 41% used [0x0000000780000000,0x00000007811e8bb8,0x0000000782b00000)
 Metaspace       used 20786K, capacity 21003K, committed 21120K, reserved 1069056K
  class space    used 2018K, capacity 2110K, committed 2176K, reserved 1048576K
Event: 229.510 GC heap after
Heap after GC invocations=40 (full 0):
 PSYoungGen      total 18432K, used 128K [0x00000007aab00000, 0x00000007abf00000, 0x00000007c0000000)
  eden space 16384K, 0% used [0x00000007aab00000,0x00000007aab00000,0x00000007abb00000)
  from space 2048K, 6% used [0x00000007abd00000,0x00000007abd20000,0x00000007abf00000)
  to   space 2048K, 0% used [0x00000007abb00000,0x00000007abb00000,0x00000007abd00000)
 ParOldGen       total 44032K, used 18338K [0x0000000780000000, 0x0000000782b00000, 0x00000007aab00000)
  object space 44032K, 41% used [0x0000000780000000,0x00000007811e8bb8,0x0000000782b00000)
 Metaspace       used 20786K, capacity 21003K, committed 21120K, reserved 1069056K
  class space    used 2018K, capacity 2110K, committed 2176K, reserved 1048576K
}
Event: 235.900 GC heap before
{Heap before GC invocations=41 (full 0):
 PSYoungGen      total 18432K, used 16512K [0x00000007aab00000, 0x00000007abf00000, 0x00000007c0000000)
  eden space 16384K, 100% used [0x00000007aab00000,0x00000007abb00000,0x00000007abb00000)
  from space 2048K, 6% used [0x00000007abd00000,0x00000007abd20000,0x00000007abf00000)
  to   space 2048K, 0% used [0x00000007abb00000,0x00000007abb00000,0x00000007abd00000)
 ParOldGen       total 44032K, used 18338K [0x0000000780000000, 0x0000000782b00000, 0x00000007aab00000)
  object space 44032K, 41% used [0x0000000780000000,0x00000007811e8bb8,0x0000000782b00000)
 Metaspace       used 20786K, capacity 21003K, committed 21120K, reserved 1069056K
  class space    used 2018K, capacity 2110K, committed 2176K, reserved 1048576K
Event: 235.902 GC heap after
Heap after GC invocations=41 (full 0):
 PSYoungGen      total 18432K, used 96K [0x00000007aab00000, 0x00000007abf00000, 0x00000007c0000000)
  eden space 16384K, 0% used [0x00000007aab00000,0x00000007aab00000,0x00000007abb00000)
  from space 2048K, 4% used [0x00000007abb00000,0x00000007abb18000,0x00000007abd00000)
  to   space 2048K, 0% used [0x00000007abd00000,0x00000007abd00000,0x00000007abf00000)
 ParOldGen       total 44032K, used 18338K [0x0000000780000000, 0x0000000782b00000, 0x00000007aab00000)
  object space 44032K, 41% used [0x0000000780000000,0x00000007811e8bb8,0x0000000782b00000)
 Metaspace       used 20786K, capacity 21003K, committed 21120K, reserved 1069056K
  class space    used 2018K, capacity 2110K, committed 2176K, reserved 1048576K
}
Event: 242.318 GC heap before
{Heap before GC invocations=42 (full 0):
 PSYoungGen      total 18432K, used 16480K [0x00000007aab00000, 0x00000007abf00000, 0x00000007c0000000)
  eden space 16384K, 100% used [0x00000007aab00000,0x00000007abb00000,0x00000007abb00000)
  from space 2048K, 4% used [0x00000007abb00000,0x00000007abb18000,0x00000007abd00000)
  to   space 2048K, 0% used [0x00000007abd00000,0x00000007abd00000,0x00000007abf00000)
 ParOldGen       total 44032K, used 18338K [0x0000000780000000, 0x0000000782b00000, 0x00000007aab00000)
  object space 44032K, 41% used [0x0000000780000000,0x00000007811e8bb8,0x0000000782b00000)
 Metaspace       used 20786K, capacity 21003K, committed 21120K, reserved 1069056K
  class space    used 2018K, capacity 2110K, committed 2176K, reserved 1048576K
Event: 242.320 GC heap after
Heap after GC invocations=42 (full 0):
 PSYoungGen      total 18432K, used 96K [0x00000007aab00000, 0x00000007abf00000, 0x00000007c0000000)
  eden space 16384K, 0% used [0x00000007aab00000,0x00000007aab00000,0x00000007abb00000)
  from space 2048K, 4% used [0x00000007abd00000,0x00000007abd18000,0x00000007abf00000)
  to   space 2048K, 0% used [0x00000007abb00000,0x00000007abb00000,0x00000007abd00000)
 ParOldGen       total 44032K, used 18338K [0x0000000780000000, 0x0000000782b00000, 0x00000007aab00000)
  object space 44032K, 41% used [0x0000000780000000,0x00000007811e8bb8,0x0000000782b00000)
 Metaspace       used 20786K, capacity 21003K, committed 21120K, reserved 1069056K
  class space    used 2018K, capacity 2110K, committed 2176K, reserved 1048576K
}

