# JRE version: Java(TM) SE Runtime Environment (8.0_66-b17) (build 1.8.0_66-b17)
# Java VM: Java HotSpot(TM) 64-Bit Server VM (25.66-b17 mixed mode bsd-amd64 compressed oops)
Heap:
 PSYoungGen      total 10752K, used 7471K [0x00000007aab00000, 0x00000007ab680000, 0x00000007c0000000)
  eden space 10240K, 72% used [0x00000007aab00000,0x00000007ab243da0,0x00000007ab500000)
  from space 512K, 6% used [0x00000007ab580000,0x00000007ab588000,0x00000007ab600000)
  to   space 512K, 0% used [0x00000007ab600000,0x00000007ab600000,0x00000007ab680000)
 ParOldGen       total 313344K, used 299838K [0x0000000780000000, 0x0000000793200000, 0x00000007aab00000)
  object space 313344K, 95% used [0x0000000780000000,0x00000007924cfaa0,0x0000000793200000)
 Metaspace       used 21279K, capacity 21503K, committed 21808K, reserved 1069056K
  class space    used 2015K, capacity 2104K, committed 2176K, reserved 1048576K
GC Heap History (10 events):
Event: 3861.340 GC heap before
{Heap before GC invocations=1202 (full 21):
 PSYoungGen      total 10752K, used 10304K [0x00000007aab00000, 0x00000007ab680000, 0x00000007c0000000)
  eden space 10240K, 100% used [0x00000007aab00000,0x00000007ab500000,0x00000007ab500000)
  from space 512K, 12% used [0x00000007ab600000,0x00000007ab610000,0x00000007ab680000)
  to   space 512K, 0% used [0x00000007ab580000,0x00000007ab580000,0x00000007ab600000)
 ParOldGen       total 313344K, used 299838K [0x0000000780000000, 0x0000000793200000, 0x00000007aab00000)
  object space 313344K, 95% used [0x0000000780000000,0x00000007924cfaa0,0x0000000793200000)
 Metaspace       used 21244K, capacity 21407K, committed 21808K, reserved 1069056K
  class space    used 2007K, capacity 2072K, committed 2176K, reserved 1048576K
Event: 3861.342 GC heap after
Heap after GC invocations=1202 (full 21):
 PSYoungGen      total 10752K, used 64K [0x00000007aab00000, 0x00000007ab680000, 0x00000007c0000000)
  eden space 10240K, 0% used [0x00000007aab00000,0x00000007aab00000,0x00000007ab500000)
  from space 512K, 12% used [0x00000007ab580000,0x00000007ab590000,0x00000007ab600000)
  to   space 512K, 0% used [0x00000007ab600000,0x00000007ab600000,0x00000007ab680000)
 ParOldGen       total 313344K, used 299838K [0x0000000780000000, 0x0000000793200000, 0x00000007aab00000)
  object space 313344K, 95% used [0x0000000780000000,0x00000007924cfaa0,0x0000000793200000)
 Metaspace       used 21244K, capacity 21407K, committed 21808K, reserved 1069056K
  class space    used 2007K, capacity 2072K, committed 2176K, reserved 1048576K
}
Event: 3864.403 GC heap before
{Heap before GC invocations=1203 (full 21):
 PSYoungGen      total 10752K, used 10304K [0x00000007aab00000, 0x00000007ab680000, 0x00000007c0000000)
  eden space 10240K, 100% used [0x00000007aab00000,0x00000007ab500000,0x00000007ab500000)
  from space 512K, 12% used [0x00000007ab580000,0x00000007ab590000,0x00000007ab600000)
  to   space 512K, 0% used [0x00000007ab600000,0x00000007ab600000,0x00000007ab680000)
 ParOldGen       total 313344K, used 299838K [0x0000000780000000, 0x0000000793200000, 0x00000007aab00000)
  object space 313344K, 95% used [0x0000000780000000,0x00000007924cfaa0,0x0000000793200000)
 Metaspace       used 21244K, capacity 21407K, committed 21808K, reserved 1069056K
  class space    used 2007K, capacity 2072K, committed 2176K, reserved 1048576K
Event: 3864.405 GC heap after
Heap after GC invocations=1203 (full 21):
 PSYoungGen      total 10752K, used 64K [0x00000007aab00000, 0x00000007ab680000, 0x00000007c0000000)
  eden space 10240K, 0% used [0x00000007aab00000,0x00000007aab00000,0x00000007ab500000)
  from space 512K, 12% used [0x00000007ab600000,0x00000007ab610000,0x00000007ab680000)
  to   space 512K, 0% used [0x00000007ab580000,0x00000007ab580000,0x00000007ab600000)
 ParOldGen       total 313344K, used 299838K [0x0000000780000000, 0x0000000793200000, 0x00000007aab00000)
  object space 313344K, 95% used [0x0000000780000000,0x00000007924cfaa0,0x0000000793200000)
 Metaspace       used 21244K, capacity 21407K, committed 21808K, reserved 1069056K
  class space    used 2007K, capacity 2072K, committed 2176K, reserved 1048576K
}
Event: 3867.472 GC heap before
{Heap before GC invocations=1204 (full 21):
 PSYoungGen      total 10752K, used 10304K [0x00000007aab00000, 0x00000007ab680000, 0x00000007c0000000)
  eden space 10240K, 100% used [0x00000007aab00000,0x00000007ab500000,0x00000007ab500000)
  from space 512K, 12% used [0x00000007ab600000,0x00000007ab610000,0x00000007ab680000)
  to   space 512K, 0% used [0x00000007ab580000,0x00000007ab580000,0x00000007ab600000)
 ParOldGen       total 313344K, used 299838K [0x0000000780000000, 0x0000000793200000, 0x00000007aab00000)
  object space 313344K, 95% used [0x0000000780000000,0x00000007924cfaa0,0x0000000793200000)
 Metaspace       used 21244K, capacity 21407K, committed 21808K, reserved 1069056K
  class space    used 2007K, capacity 2072K, committed 2176K, reserved 1048576K
Event: 3867.474 GC heap after
Heap after GC invocations=1204 (full 21):
 PSYoungGen      total 10752K, used 96K [0x00000007aab00000, 0x00000007ab680000, 0x00000007c0000000)
  eden space 10240K, 0% used [0x00000007aab00000,0x00000007aab00000,0x00000007ab500000)
  from space 512K, 18% used [0x00000007ab580000,0x00000007ab598000,0x00000007ab600000)
  to   space 512K, 0% used [0x00000007ab600000,0x00000007ab600000,0x00000007ab680000)
 ParOldGen       total 313344K, used 299838K [0x0000000780000000, 0x0000000793200000, 0x00000007aab00000)
  object space 313344K, 95% used [0x0000000780000000,0x00000007924cfaa0,0x0000000793200000)
 Metaspace       used 21244K, capacity 21407K, committed 21808K, reserved 1069056K
  class space    used 2007K, capacity 2072K, committed 2176K, reserved 1048576K
}
Event: 3870.515 GC heap before
{Heap before GC invocations=1205 (full 21):
 PSYoungGen      total 10752K, used 10336K [0x00000007aab00000, 0x00000007ab680000, 0x00000007c0000000)
  eden space 10240K, 100% used [0x00000007aab00000,0x00000007ab500000,0x00000007ab500000)
  from space 512K, 18% used [0x00000007ab580000,0x00000007ab598000,0x00000007ab600000)
  to   space 512K, 0% used [0x00000007ab600000,0x00000007ab600000,0x00000007ab680000)
 ParOldGen       total 313344K, used 299838K [0x0000000780000000, 0x0000000793200000, 0x00000007aab00000)
  object space 313344K, 95% used [0x0000000780000000,0x00000007924cfaa0,0x0000000793200000)
 Metaspace       used 21244K, capacity 21407K, committed 21808K, reserved 1069056K
  class space    used 2007K, capacity 2072K, committed 2176K, reserved 1048576K
Event: 3870.517 GC heap after
Heap after GC invocations=1205 (full 21):
 PSYoungGen      total 10752K, used 96K [0x00000007aab00000, 0x00000007ab680000, 0x00000007c0000000)
  eden space 10240K, 0% used [0x00000007aab00000,0x00000007aab00000,0x00000007ab500000)
  from space 512K, 18% used [0x00000007ab600000,0x00000007ab618000,0x00000007ab680000)
  to   space 512K, 0% used [0x00000007ab580000,0x00000007ab580000,0x00000007ab600000)
 ParOldGen       total 313344K, used 299838K [0x0000000780000000, 0x0000000793200000, 0x00000007aab00000)
  object space 313344K, 95% used [0x0000000780000000,0x00000007924cfaa0,0x0000000793200000)
 Metaspace       used 21244K, capacity 21407K, committed 21808K, reserved 1069056K
  class space    used 2007K, capacity 2072K, committed 2176K, reserved 1048576K
}
Event: 3873.576 GC heap before
{Heap before GC invocations=1206 (full 21):
 PSYoungGen      total 10752K, used 10335K [0x00000007aab00000, 0x00000007ab680000, 0x00000007c0000000)
  eden space 10240K, 99% used [0x00000007aab00000,0x00000007ab4fffe8,0x00000007ab500000)
  from space 512K, 18% used [0x00000007ab600000,0x00000007ab618000,0x00000007ab680000)
  to   space 512K, 0% used [0x00000007ab580000,0x00000007ab580000,0x00000007ab600000)
 ParOldGen       total 313344K, used 299838K [0x0000000780000000, 0x0000000793200000, 0x00000007aab00000)
  object space 313344K, 95% used [0x0000000780000000,0x00000007924cfaa0,0x0000000793200000)
 Metaspace       used 21244K, capacity 21407K, committed 21808K, reserved 1069056K
  class space    used 2007K, capacity 2072K, committed 2176K, reserved 1048576K
Event: 3873.579 GC heap after
Heap after GC invocations=1206 (full 21):
 PSYoungGen      total 10752K, used 32K [0x00000007aab00000, 0x00000007ab680000, 0x00000007c0000000)
  eden space 10240K, 0% used [0x00000007aab00000,0x00000007aab00000,0x00000007ab500000)
  from space 512K, 6% used [0x00000007ab580000,0x00000007ab588000,0x00000007ab600000)
  to   space 512K, 0% used [0x00000007ab600000,0x00000007ab600000,0x00000007ab680000)
 ParOldGen       total 313344K, used 299838K [0x0000000780000000, 0x0000000793200000, 0x00000007aab00000)
  object space 313344K, 95% used [0x0000000780000000,0x00000007924cfaa0,0x0000000793200000)
 Metaspace       used 21244K, capacity 21407K, committed 21808K, reserved 1069056K
  class space    used 2007K, capacity 2072K, committed 2176K, reserved 1048576K
}

