# JRE version: Java(TM) SE Runtime Environment (8.0_66-b17) (build 1.8.0_66-b17)
# Java VM: Java HotSpot(TM) 64-Bit Server VM (25.66-b17 mixed mode bsd-amd64 compressed oops)
Heap:
 PSYoungGen      total 40960K, used 23348K [0x00000007aab00000, 0x00000007ade00000, 0x00000007c0000000)
  eden space 30720K, 72% used [0x00000007aab00000,0x00000007ac09d390,0x00000007ac900000)
  from space 10240K, 11% used [0x00000007ad400000,0x00000007ad530040,0x00000007ade00000)
  to   space 10752K, 0% used [0x00000007ac900000,0x00000007ac900000,0x00000007ad380000)
 ParOldGen       total 44032K, used 18949K [0x0000000780000000, 0x0000000782b00000, 0x00000007aab00000)
  object space 44032K, 43% used [0x0000000780000000,0x0000000781281490,0x0000000782b00000)
 Metaspace       used 20674K, capacity 20843K, committed 21120K, reserved 1069056K
  class space    used 2010K, capacity 2078K, committed 2176K, reserved 1048576K
GC Heap History (10 events):
Event: 6.364 GC heap before
{Heap before GC invocations=4 (full 0):
 PSYoungGen      total 18944K, used 18928K [0x00000007aab00000, 0x00000007ac000000, 0x00000007c0000000)
  eden space 16384K, 100% used [0x00000007aab00000,0x00000007abb00000,0x00000007abb00000)
  from space 2560K, 99% used [0x00000007abb00000,0x00000007abd7c0f0,0x00000007abd80000)
  to   space 2560K, 0% used [0x00000007abd80000,0x00000007abd80000,0x00000007ac000000)
 ParOldGen       total 44032K, used 6339K [0x0000000780000000, 0x0000000782b00000, 0x00000007aab00000)
  object space 44032K, 14% used [0x0000000780000000,0x0000000780630c90,0x0000000782b00000)
 Metaspace       used 19841K, capacity 20065K, committed 20352K, reserved 1067008K
  class space    used 2002K, capacity 2077K, committed 2176K, reserved 1048576K
Event: 6.381 GC heap after
Heap after GC invocations=4 (full 0):
 PSYoungGen      total 18944K, used 2544K [0x00000007aab00000, 0x00000007ad000000, 0x00000007c0000000)
  eden space 16384K, 0% used [0x00000007aab00000,0x00000007aab00000,0x00000007abb00000)
  from space 2560K, 99% used [0x00000007abd80000,0x00000007abffc0e0,0x00000007ac000000)
  to   space 2560K, 0% used [0x00000007abb00000,0x00000007abb00000,0x00000007abd80000)
 ParOldGen       total 44032K, used 13483K [0x0000000780000000, 0x0000000782b00000, 0x00000007aab00000)
  object space 44032K, 30% used [0x0000000780000000,0x0000000780d2ae08,0x0000000782b00000)
 Metaspace       used 19841K, capacity 20065K, committed 20352K, reserved 1067008K
  class space    used 2002K, capacity 2077K, committed 2176K, reserved 1048576K
}
Event: 6.839 GC heap before
{Heap before GC invocations=5 (full 0):
 PSYoungGen      total 18944K, used 18928K [0x00000007aab00000, 0x00000007ad000000, 0x00000007c0000000)
  eden space 16384K, 100% used [0x00000007aab00000,0x00000007abb00000,0x00000007abb00000)
  from space 2560K, 99% used [0x00000007abd80000,0x00000007abffc0e0,0x00000007ac000000)
  to   space 2560K, 0% used [0x00000007abb00000,0x00000007abb00000,0x00000007abd80000)
 ParOldGen       total 44032K, used 13483K [0x0000000780000000, 0x0000000782b00000, 0x00000007aab00000)
  object space 44032K, 30% used [0x0000000780000000,0x0000000780d2ae08,0x0000000782b00000)
 Metaspace       used 19993K, capacity 20193K, committed 20352K, reserved 1067008K
  class space    used 2002K, capacity 2077K, committed 2176K, reserved 1048576K
Event: 6.847 GC heap after
Heap after GC invocations=5 (full 0):
 PSYoungGen      total 18944K, used 2544K [0x00000007aab00000, 0x00000007adf00000, 0x00000007c0000000)
  eden space 16384K, 0% used [0x00000007aab00000,0x00000007aab00000,0x00000007abb00000)
  from space 2560K, 99% used [0x00000007abb00000,0x00000007abd7c090,0x00000007abd80000)
  to   space 10240K, 0% used [0x00000007ad500000,0x00000007ad500000,0x00000007adf00000)
 ParOldGen       total 44032K, used 17409K [0x0000000780000000, 0x0000000782b00000, 0x00000007aab00000)
  object space 44032K, 39% used [0x0000000780000000,0x0000000781100478,0x0000000782b00000)
 Metaspace       used 19993K, capacity 20193K, committed 20352K, reserved 1067008K
  class space    used 2002K, capacity 2077K, committed 2176K, reserved 1048576K
}
Event: 12.766 GC heap before
{Heap before GC invocations=6 (full 0):
 PSYoungGen      total 18944K, used 18928K [0x00000007aab00000, 0x00000007adf00000, 0x00000007c0000000)
  eden space 16384K, 100% used [0x00000007aab00000,0x00000007abb00000,0x00000007abb00000)
  from space 2560K, 99% used [0x00000007abb00000,0x00000007abd7c090,0x00000007abd80000)
  to   space 10240K, 0% used [0x00000007ad500000,0x00000007ad500000,0x00000007adf00000)
 ParOldGen       total 44032K, used 17409K [0x0000000780000000, 0x0000000782b00000, 0x00000007aab00000)
  object space 44032K, 39% used [0x0000000780000000,0x0000000781100478,0x0000000782b00000)
 Metaspace       used 20465K, capacity 20715K, committed 20864K, reserved 1069056K
  class space    used 2003K, capacity 2078K, committed 2176K, reserved 1048576K
Event: 12.775 GC heap after
Heap after GC invocations=6 (full 0):
 PSYoungGen      total 43008K, used 2672K [0x00000007aab00000, 0x00000007adf00000, 0x00000007c0000000)
  eden space 32768K, 0% used [0x00000007aab00000,0x00000007aab00000,0x00000007acb00000)
  from space 10240K, 26% used [0x00000007ad500000,0x00000007ad79c090,0x00000007adf00000)
  to   space 10240K, 0% used [0x00000007acb00000,0x00000007acb00000,0x00000007ad500000)
 ParOldGen       total 44032K, used 17409K [0x0000000780000000, 0x0000000782b00000, 0x00000007aab00000)
  object space 44032K, 39% used [0x0000000780000000,0x0000000781100478,0x0000000782b00000)
 Metaspace       used 20465K, capacity 20715K, committed 20864K, reserved 1069056K
  class space    used 2003K, capacity 2078K, committed 2176K, reserved 1048576K
}
Event: 24.771 GC heap before
{Heap before GC invocations=7 (full 0):
 PSYoungGen      total 43008K, used 35440K [0x00000007aab00000, 0x00000007adf00000, 0x00000007c0000000)
  eden space 32768K, 100% used [0x00000007aab00000,0x00000007acb00000,0x00000007acb00000)
  from space 10240K, 26% used [0x00000007ad500000,0x00000007ad79c090,0x00000007adf00000)
  to   space 10240K, 0% used [0x00000007acb00000,0x00000007acb00000,0x00000007ad500000)
 ParOldGen       total 44032K, used 17409K [0x0000000780000000, 0x0000000782b00000, 0x00000007aab00000)
  object space 44032K, 39% used [0x0000000780000000,0x0000000781100478,0x0000000782b00000)
 Metaspace       used 20580K, capacity 20779K, committed 21120K, reserved 1069056K
  class space    used 2003K, capacity 2078K, committed 2176K, reserved 1048576K
Event: 24.779 GC heap after
Heap after GC invocations=7 (full 0):
 PSYoungGen      total 33792K, used 1824K [0x00000007aab00000, 0x00000007ade00000, 0x00000007c0000000)
  eden space 31744K, 0% used [0x00000007aab00000,0x00000007aab00000,0x00000007aca00000)
  from space 2048K, 89% used [0x00000007acb00000,0x00000007accc8080,0x00000007acd00000)
  to   space 10240K, 0% used [0x00000007ad400000,0x00000007ad400000,0x00000007ade00000)
 ParOldGen       total 44032K, used 18305K [0x0000000780000000, 0x0000000782b00000, 0x00000007aab00000)
  object space 44032K, 41% used [0x0000000780000000,0x00000007811e04c8,0x0000000782b00000)
 Metaspace       used 20580K, capacity 20779K, committed 21120K, reserved 1069056K
  class space    used 2003K, capacity 2078K, committed 2176K, reserved 1048576K
}
Event: 37.090 GC heap before
{Heap before GC invocations=8 (full 0):
 PSYoungGen      total 33792K, used 33568K [0x00000007aab00000, 0x00000007ade00000, 0x00000007c0000000)
  eden space 31744K, 100% used [0x00000007aab00000,0x00000007aca00000,0x00000007aca00000)
  from space 2048K, 89% used [0x00000007acb00000,0x00000007accc8080,0x00000007acd00000)
  to   space 10240K, 0% used [0x00000007ad400000,0x00000007ad400000,0x00000007ade00000)
 ParOldGen       total 44032K, used 18305K [0x0000000780000000, 0x0000000782b00000, 0x00000007aab00000)
  object space 44032K, 41% used [0x0000000780000000,0x00000007811e04c8,0x0000000782b00000)
 Metaspace       used 20623K, capacity 20843K, committed 21120K, reserved 1069056K
  class space    used 2003K, capacity 2078K, committed 2176K, reserved 1048576K
Event: 37.093 GC heap after
Heap after GC invocations=8 (full 0):
 PSYoungGen      total 40960K, used 1216K [0x00000007aab00000, 0x00000007ade00000, 0x00000007c0000000)
  eden space 30720K, 0% used [0x00000007aab00000,0x00000007aab00000,0x00000007ac900000)
  from space 10240K, 11% used [0x00000007ad400000,0x00000007ad530040,0x00000007ade00000)
  to   space 10752K, 0% used [0x00000007ac900000,0x00000007ac900000,0x00000007ad380000)
 ParOldGen       total 44032K, used 18949K [0x0000000780000000, 0x0000000782b00000, 0x00000007aab00000)
  object space 44032K, 43% used [0x0000000780000000,0x0000000781281490,0x0000000782b00000)
 Metaspace       used 20623K, capacity 20843K, committed 21120K, reserved 1069056K
  class space    used 2003K, capacity 2078K, committed 2176K, reserved 1048576K
}

