# JRE version: Java(TM) SE Runtime Environment (8.0_66-b17) (build 1.8.0_66-b17)
# Java VM: Java HotSpot(TM) 64-Bit Server VM (25.66-b17 mixed mode bsd-amd64 compressed oops)
Heap:
 PSYoungGen      total 75776K, used 67869K [0x00000007aab00000, 0x00000007b0300000, 0x00000007c0000000)
  eden space 64512K, 87% used [0x00000007aab00000,0x00000007ae267180,0x00000007aea00000)
  from space 11264K, 98% used [0x00000007af600000,0x00000007b00e02c0,0x00000007b0100000)
  to   space 12288K, 0% used [0x00000007aea00000,0x00000007aea00000,0x00000007af600000)
 ParOldGen       total 44032K, used 25728K [0x0000000780000000, 0x0000000782b00000, 0x00000007aab00000)
  object space 44032K, 58% used [0x0000000780000000,0x00000007819202c0,0x0000000782b00000)
 Metaspace       used 20781K, capacity 20971K, committed 21120K, reserved 1069056K
  class space    used 2010K, capacity 2078K, committed 2176K, reserved 1048576K
GC Heap History (10 events):
Event: 5.540 GC heap before
{Heap before GC invocations=4 (full 0):
 PSYoungGen      total 18944K, used 18789K [0x00000007aab00000, 0x00000007ac000000, 0x00000007c0000000)
  eden space 16384K, 99% used [0x00000007aab00000,0x00000007abae1428,0x00000007abb00000)
  from space 2560K, 98% used [0x00000007abb00000,0x00000007abd78060,0x00000007abd80000)
  to   space 2560K, 0% used [0x00000007abd80000,0x00000007abd80000,0x00000007ac000000)
 ParOldGen       total 44032K, used 5416K [0x0000000780000000, 0x0000000782b00000, 0x00000007aab00000)
  object space 44032K, 12% used [0x0000000780000000,0x000000078054a200,0x0000000782b00000)
 Metaspace       used 19816K, capacity 20001K, committed 20352K, reserved 1067008K
  class space    used 2001K, capacity 2077K, committed 2176K, reserved 1048576K
Event: 5.560 GC heap after
Heap after GC invocations=4 (full 0):
 PSYoungGen      total 18944K, used 2544K [0x00000007aab00000, 0x00000007ad000000, 0x00000007c0000000)
  eden space 16384K, 0% used [0x00000007aab00000,0x00000007aab00000,0x00000007abb00000)
  from space 2560K, 99% used [0x00000007abd80000,0x00000007abffc040,0x00000007ac000000)
  to   space 2560K, 0% used [0x00000007abb00000,0x00000007abb00000,0x00000007abd80000)
 ParOldGen       total 44032K, used 12825K [0x0000000780000000, 0x0000000782b00000, 0x00000007aab00000)
  object space 44032K, 29% used [0x0000000780000000,0x0000000780c86450,0x0000000782b00000)
 Metaspace       used 19816K, capacity 20001K, committed 20352K, reserved 1067008K
  class space    used 2001K, capacity 2077K, committed 2176K, reserved 1048576K
}
Event: 7.064 GC heap before
{Heap before GC invocations=5 (full 0):
 PSYoungGen      total 18944K, used 18756K [0x00000007aab00000, 0x00000007ad000000, 0x00000007c0000000)
  eden space 16384K, 98% used [0x00000007aab00000,0x00000007abad5280,0x00000007abb00000)
  from space 2560K, 99% used [0x00000007abd80000,0x00000007abffc040,0x00000007ac000000)
  to   space 2560K, 0% used [0x00000007abb00000,0x00000007abb00000,0x00000007abd80000)
 ParOldGen       total 44032K, used 12825K [0x0000000780000000, 0x0000000782b00000, 0x00000007aab00000)
  object space 44032K, 29% used [0x0000000780000000,0x0000000780c86450,0x0000000782b00000)
 Metaspace       used 20145K, capacity 20391K, committed 20608K, reserved 1067008K
  class space    used 2002K, capacity 2078K, committed 2176K, reserved 1048576K
Event: 7.072 GC heap after
Heap after GC invocations=5 (full 0):
 PSYoungGen      total 18944K, used 2544K [0x00000007aab00000, 0x00000007ade00000, 0x00000007c0000000)
  eden space 16384K, 0% used [0x00000007aab00000,0x00000007aab00000,0x00000007abb00000)
  from space 2560K, 99% used [0x00000007abb00000,0x00000007abd7c050,0x00000007abd80000)
  to   space 9728K, 0% used [0x00000007ad480000,0x00000007ad480000,0x00000007ade00000)
 ParOldGen       total 44032K, used 16575K [0x0000000780000000, 0x0000000782b00000, 0x00000007aab00000)
  object space 44032K, 37% used [0x0000000780000000,0x000000078102fd90,0x0000000782b00000)
 Metaspace       used 20145K, capacity 20391K, committed 20608K, reserved 1067008K
  class space    used 2002K, capacity 2078K, committed 2176K, reserved 1048576K
}
Event: 7.469 GC heap before
{Heap before GC invocations=6 (full 0):
 PSYoungGen      total 18944K, used 18681K [0x00000007aab00000, 0x00000007ade00000, 0x00000007c0000000)
  eden space 16384K, 98% used [0x00000007aab00000,0x00000007abac2530,0x00000007abb00000)
  from space 2560K, 99% used [0x00000007abb00000,0x00000007abd7c050,0x00000007abd80000)
  to   space 9728K, 0% used [0x00000007ad480000,0x00000007ad480000,0x00000007ade00000)
 ParOldGen       total 44032K, used 16575K [0x0000000780000000, 0x0000000782b00000, 0x00000007aab00000)
  object space 44032K, 37% used [0x0000000780000000,0x000000078102fd90,0x0000000782b00000)
 Metaspace       used 20194K, capacity 20395K, committed 20608K, reserved 1067008K
  class space    used 2002K, capacity 2078K, committed 2176K, reserved 1048576K
Event: 7.482 GC heap after
Heap after GC invocations=6 (full 0):
 PSYoungGen      total 42496K, used 6640K [0x00000007aab00000, 0x00000007ade00000, 0x00000007c0000000)
  eden space 32768K, 0% used [0x00000007aab00000,0x00000007aab00000,0x00000007acb00000)
  from space 9728K, 68% used [0x00000007ad480000,0x00000007adafc180,0x00000007ade00000)
  to   space 9728K, 0% used [0x00000007acb00000,0x00000007acb00000,0x00000007ad480000)
 ParOldGen       total 44032K, used 16575K [0x0000000780000000, 0x0000000782b00000, 0x00000007aab00000)
  object space 44032K, 37% used [0x0000000780000000,0x000000078102fd90,0x0000000782b00000)
 Metaspace       used 20194K, capacity 20395K, committed 20608K, reserved 1067008K
  class space    used 2002K, capacity 2078K, committed 2176K, reserved 1048576K
}
Event: 8.323 GC heap before
{Heap before GC invocations=7 (full 0):
 PSYoungGen      total 42496K, used 39408K [0x00000007aab00000, 0x00000007ade00000, 0x00000007c0000000)
  eden space 32768K, 100% used [0x00000007aab00000,0x00000007acb00000,0x00000007acb00000)
  from space 9728K, 68% used [0x00000007ad480000,0x00000007adafc180,0x00000007ade00000)
  to   space 9728K, 0% used [0x00000007acb00000,0x00000007acb00000,0x00000007ad480000)
 ParOldGen       total 44032K, used 16575K [0x0000000780000000, 0x0000000782b00000, 0x00000007aab00000)
  object space 44032K, 37% used [0x0000000780000000,0x000000078102fd90,0x0000000782b00000)
 Metaspace       used 20279K, capacity 20459K, committed 20608K, reserved 1067008K
  class space    used 2002K, capacity 2078K, committed 2176K, reserved 1048576K
Event: 8.339 GC heap after
Heap after GC invocations=7 (full 0):
 PSYoungGen      total 42496K, used 9712K [0x00000007aab00000, 0x00000007b0100000, 0x00000007c0000000)
  eden space 32768K, 0% used [0x00000007aab00000,0x00000007aab00000,0x00000007acb00000)
  from space 9728K, 99% used [0x00000007acb00000,0x00000007ad47c260,0x00000007ad480000)
  to   space 11264K, 0% used [0x00000007af600000,0x00000007af600000,0x00000007b0100000)
 ParOldGen       total 44032K, used 20631K [0x0000000780000000, 0x0000000782b00000, 0x00000007aab00000)
  object space 44032K, 46% used [0x0000000780000000,0x0000000781425ea0,0x0000000782b00000)
 Metaspace       used 20279K, capacity 20459K, committed 20608K, reserved 1067008K
  class space    used 2002K, capacity 2078K, committed 2176K, reserved 1048576K
}
Event: 9.395 GC heap before
{Heap before GC invocations=8 (full 0):
 PSYoungGen      total 42496K, used 42322K [0x00000007aab00000, 0x00000007b0100000, 0x00000007c0000000)
  eden space 32768K, 99% used [0x00000007aab00000,0x00000007acad85d0,0x00000007acb00000)
  from space 9728K, 99% used [0x00000007acb00000,0x00000007ad47c260,0x00000007ad480000)
  to   space 11264K, 0% used [0x00000007af600000,0x00000007af600000,0x00000007b0100000)
 ParOldGen       total 44032K, used 20631K [0x0000000780000000, 0x0000000782b00000, 0x00000007aab00000)
  object space 44032K, 46% used [0x0000000780000000,0x0000000781425ea0,0x0000000782b00000)
 Metaspace       used 20360K, capacity 20587K, committed 20864K, reserved 1069056K
  class space    used 2002K, capacity 2078K, committed 2176K, reserved 1048576K
Event: 9.413 GC heap after
Heap after GC invocations=8 (full 0):
 PSYoungGen      total 75776K, used 11136K [0x00000007aab00000, 0x00000007b0300000, 0x00000007c0000000)
  eden space 64512K, 0% used [0x00000007aab00000,0x00000007aab00000,0x00000007aea00000)
  from space 11264K, 98% used [0x00000007af600000,0x00000007b00e02c0,0x00000007b0100000)
  to   space 12288K, 0% used [0x00000007aea00000,0x00000007aea00000,0x00000007af600000)
 ParOldGen       total 44032K, used 25728K [0x0000000780000000, 0x0000000782b00000, 0x00000007aab00000)
  object space 44032K, 58% used [0x0000000780000000,0x00000007819202c0,0x0000000782b00000)
 Metaspace       used 20360K, capacity 20587K, committed 20864K, reserved 1069056K
  class space    used 2002K, capacity 2078K, committed 2176K, reserved 1048576K
}

