# JRE version: Java(TM) SE Runtime Environment (8.0_66-b17) (build 1.8.0_66-b17)
# Java VM: Java HotSpot(TM) 64-Bit Server VM (25.66-b17 mixed mode bsd-amd64 compressed oops)
Heap:
 PSYoungGen      total 26624K, used 8387K [0x00000007aab00000, 0x00000007acf00000, 0x00000007c0000000)
  eden space 16384K, 50% used [0x00000007aab00000,0x00000007ab310cf0,0x00000007abb00000)
  from space 10240K, 1% used [0x00000007ac500000,0x00000007ac520000,0x00000007acf00000)
  to   space 10240K, 0% used [0x00000007abb00000,0x00000007abb00000,0x00000007ac500000)
 ParOldGen       total 44032K, used 17865K [0x0000000780000000, 0x0000000782b00000, 0x00000007aab00000)
  object space 44032K, 40% used [0x0000000780000000,0x00000007811725b8,0x0000000782b00000)
 Metaspace       used 20815K, capacity 21003K, committed 21120K, reserved 1069056K
  class space    used 2026K, capacity 2110K, committed 2176K, reserved 1048576K
GC Heap History (10 events):
Event: 22.908 GC heap before
{Heap before GC invocations=6 (full 0):
 PSYoungGen      total 18944K, used 18912K [0x00000007aab00000, 0x00000007ade00000, 0x00000007c0000000)
  eden space 16384K, 100% used [0x00000007aab00000,0x00000007abb00000,0x00000007abb00000)
  from space 2560K, 98% used [0x00000007abb00000,0x00000007abd78040,0x00000007abd80000)
  to   space 9728K, 0% used [0x00000007ad480000,0x00000007ad480000,0x00000007ade00000)
 ParOldGen       total 44032K, used 15251K [0x0000000780000000, 0x0000000782b00000, 0x00000007aab00000)
  object space 44032K, 34% used [0x0000000780000000,0x0000000780ee4de8,0x0000000782b00000)
 Metaspace       used 20669K, capacity 20869K, committed 21120K, reserved 1069056K
  class space    used 2019K, capacity 2109K, committed 2176K, reserved 1048576K
Event: 22.921 GC heap after
Heap after GC invocations=6 (full 0):
 PSYoungGen      total 19456K, used 2608K [0x00000007aab00000, 0x00000007ad780000, 0x00000007c0000000)
  eden space 16384K, 0% used [0x00000007aab00000,0x00000007aab00000,0x00000007abb00000)
  from space 3072K, 84% used [0x00000007ad480000,0x00000007ad70c050,0x00000007ad780000)
  to   space 9728K, 0% used [0x00000007ac480000,0x00000007ac480000,0x00000007ace00000)
 ParOldGen       total 44032K, used 15251K [0x0000000780000000, 0x0000000782b00000, 0x00000007aab00000)
  object space 44032K, 34% used [0x0000000780000000,0x0000000780ee4de8,0x0000000782b00000)
 Metaspace       used 20669K, capacity 20869K, committed 21120K, reserved 1069056K
  class space    used 2019K, capacity 2109K, committed 2176K, reserved 1048576K
}
Event: 31.991 GC heap before
{Heap before GC invocations=7 (full 0):
 PSYoungGen      total 19456K, used 18992K [0x00000007aab00000, 0x00000007ad780000, 0x00000007c0000000)
  eden space 16384K, 100% used [0x00000007aab00000,0x00000007abb00000,0x00000007abb00000)
  from space 3072K, 84% used [0x00000007ad480000,0x00000007ad70c050,0x00000007ad780000)
  to   space 9728K, 0% used [0x00000007ac480000,0x00000007ac480000,0x00000007ace00000)
 ParOldGen       total 44032K, used 15251K [0x0000000780000000, 0x0000000782b00000, 0x00000007aab00000)
  object space 44032K, 34% used [0x0000000780000000,0x0000000780ee4de8,0x0000000782b00000)
 Metaspace       used 20776K, capacity 20997K, committed 21120K, reserved 1069056K
  class space    used 2019K, capacity 2109K, committed 2176K, reserved 1048576K
Event: 32.008 GC heap after
Heap after GC invocations=7 (full 0):
 PSYoungGen      total 17920K, used 1504K [0x00000007aab00000, 0x00000007ad500000, 0x00000007c0000000)
  eden space 16384K, 0% used [0x00000007aab00000,0x00000007aab00000,0x00000007abb00000)
  from space 1536K, 97% used [0x00000007ac480000,0x00000007ac5f8040,0x00000007ac600000)
  to   space 9728K, 0% used [0x00000007acb80000,0x00000007acb80000,0x00000007ad500000)
 ParOldGen       total 44032K, used 16359K [0x0000000780000000, 0x0000000782b00000, 0x00000007aab00000)
  object space 44032K, 37% used [0x0000000780000000,0x0000000780ff9e68,0x0000000782b00000)
 Metaspace       used 20776K, capacity 20997K, committed 21120K, reserved 1069056K
  class space    used 2019K, capacity 2109K, committed 2176K, reserved 1048576K
}
Event: 40.869 GC heap before
{Heap before GC invocations=8 (full 0):
 PSYoungGen      total 17920K, used 17888K [0x00000007aab00000, 0x00000007ad500000, 0x00000007c0000000)
  eden space 16384K, 100% used [0x00000007aab00000,0x00000007abb00000,0x00000007abb00000)
  from space 1536K, 97% used [0x00000007ac480000,0x00000007ac5f8040,0x00000007ac600000)
  to   space 9728K, 0% used [0x00000007acb80000,0x00000007acb80000,0x00000007ad500000)
 ParOldGen       total 44032K, used 16359K [0x0000000780000000, 0x0000000782b00000, 0x00000007aab00000)
  object space 44032K, 37% used [0x0000000780000000,0x0000000780ff9e68,0x0000000782b00000)
 Metaspace       used 20783K, capacity 21003K, committed 21120K, reserved 1069056K
  class space    used 2020K, capacity 2110K, committed 2176K, reserved 1048576K
Event: 40.873 GC heap after
Heap after GC invocations=8 (full 0):
 PSYoungGen      total 19968K, used 928K [0x00000007aab00000, 0x00000007acf00000, 0x00000007c0000000)
  eden space 16384K, 0% used [0x00000007aab00000,0x00000007aab00000,0x00000007abb00000)
  from space 3584K, 25% used [0x00000007acb80000,0x00000007acc68030,0x00000007acf00000)
  to   space 10240K, 0% used [0x00000007abb00000,0x00000007abb00000,0x00000007ac500000)
 ParOldGen       total 44032K, used 16961K [0x0000000780000000, 0x0000000782b00000, 0x00000007aab00000)
  object space 44032K, 38% used [0x0000000780000000,0x0000000781090588,0x0000000782b00000)
 Metaspace       used 20783K, capacity 21003K, committed 21120K, reserved 1069056K
  class space    used 2020K, capacity 2110K, committed 2176K, reserved 1048576K
}
Event: 49.846 GC heap before
{Heap before GC invocations=9 (full 0):
 PSYoungGen      total 19968K, used 17312K [0x00000007aab00000, 0x00000007acf00000, 0x00000007c0000000)
  eden space 16384K, 100% used [0x00000007aab00000,0x00000007abb00000,0x00000007abb00000)
  from space 3584K, 25% used [0x00000007acb80000,0x00000007acc68030,0x00000007acf00000)
  to   space 10240K, 0% used [0x00000007abb00000,0x00000007abb00000,0x00000007ac500000)
 ParOldGen       total 44032K, used 16961K [0x0000000780000000, 0x0000000782b00000, 0x00000007aab00000)
  object space 44032K, 38% used [0x0000000780000000,0x0000000781090588,0x0000000782b00000)
 Metaspace       used 20784K, capacity 21003K, committed 21120K, reserved 1069056K
  class space    used 2020K, capacity 2110K, committed 2176K, reserved 1048576K
Event: 49.849 GC heap after
Heap after GC invocations=9 (full 0):
 PSYoungGen      total 26624K, used 96K [0x00000007aab00000, 0x00000007acf00000, 0x00000007c0000000)
  eden space 16384K, 0% used [0x00000007aab00000,0x00000007aab00000,0x00000007abb00000)
  from space 10240K, 0% used [0x00000007abb00000,0x00000007abb18000,0x00000007ac500000)
  to   space 10240K, 0% used [0x00000007ac500000,0x00000007ac500000,0x00000007acf00000)
 ParOldGen       total 44032K, used 17817K [0x0000000780000000, 0x0000000782b00000, 0x00000007aab00000)
  object space 44032K, 40% used [0x0000000780000000,0x00000007811665b8,0x0000000782b00000)
 Metaspace       used 20784K, capacity 21003K, committed 21120K, reserved 1069056K
  class space    used 2020K, capacity 2110K, committed 2176K, reserved 1048576K
}
Event: 58.344 GC heap before
{Heap before GC invocations=10 (full 0):
 PSYoungGen      total 26624K, used 16480K [0x00000007aab00000, 0x00000007acf00000, 0x00000007c0000000)
  eden space 16384K, 100% used [0x00000007aab00000,0x00000007abb00000,0x00000007abb00000)
  from space 10240K, 0% used [0x00000007abb00000,0x00000007abb18000,0x00000007ac500000)
  to   space 10240K, 0% used [0x00000007ac500000,0x00000007ac500000,0x00000007acf00000)
 ParOldGen       total 44032K, used 17817K [0x0000000780000000, 0x0000000782b00000, 0x00000007aab00000)
  object space 44032K, 40% used [0x0000000780000000,0x00000007811665b8,0x0000000782b00000)
 Metaspace       used 20784K, capacity 21003K, committed 21120K, reserved 1069056K
  class space    used 2020K, capacity 2110K, committed 2176K, reserved 1048576K
Event: 58.346 GC heap after
Heap after GC invocations=10 (full 0):
 PSYoungGen      total 26624K, used 128K [0x00000007aab00000, 0x00000007acf00000, 0x00000007c0000000)
  eden space 16384K, 0% used [0x00000007aab00000,0x00000007aab00000,0x00000007abb00000)
  from space 10240K, 1% used [0x00000007ac500000,0x00000007ac520000,0x00000007acf00000)
  to   space 10240K, 0% used [0x00000007abb00000,0x00000007abb00000,0x00000007ac500000)
 ParOldGen       total 44032K, used 17865K [0x0000000780000000, 0x0000000782b00000, 0x00000007aab00000)
  object space 44032K, 40% used [0x0000000780000000,0x00000007811725b8,0x0000000782b00000)
 Metaspace       used 20784K, capacity 21003K, committed 21120K, reserved 1069056K
  class space    used 2020K, capacity 2110K, committed 2176K, reserved 1048576K
}

