# JRE version: Java(TM) SE Runtime Environment (8.0_66-b17) (build 1.8.0_66-b17)
# Java VM: Java HotSpot(TM) 64-Bit Server VM (25.66-b17 mixed mode bsd-amd64 compressed oops)
Heap:
 PSYoungGen      total 16896K, used 15996K [0x00000007aab00000, 0x00000007abc80000, 0x00000007c0000000)
  eden space 16384K, 97% used [0x00000007aab00000,0x00000007aba8f2d8,0x00000007abb00000)
  from space 512K, 12% used [0x00000007abb80000,0x00000007abb90000,0x00000007abc00000)
  to   space 512K, 0% used [0x00000007abc00000,0x00000007abc00000,0x00000007abc80000)
 ParOldGen       total 44032K, used 18438K [0x0000000780000000, 0x0000000782b00000, 0x00000007aab00000)
  object space 44032K, 41% used [0x0000000780000000,0x0000000781201828,0x0000000782b00000)
 Metaspace       used 20556K, capacity 20779K, committed 21120K, reserved 1069056K
  class space    used 2010K, capacity 2078K, committed 2176K, reserved 1048576K
GC Heap History (10 events):
Event: 438.477 GC heap before
{Heap before GC invocations=71 (full 0):
 PSYoungGen      total 16896K, used 16416K [0x00000007aab00000, 0x00000007abc80000, 0x00000007c0000000)
  eden space 16384K, 100% used [0x00000007aab00000,0x00000007abb00000,0x00000007abb00000)
  from space 512K, 6% used [0x00000007abc00000,0x00000007abc08000,0x00000007abc80000)
  to   space 512K, 0% used [0x00000007abb80000,0x00000007abb80000,0x00000007abc00000)
 ParOldGen       total 44032K, used 18438K [0x0000000780000000, 0x0000000782b00000, 0x00000007aab00000)
  object space 44032K, 41% used [0x0000000780000000,0x0000000781201828,0x0000000782b00000)
 Metaspace       used 20509K, capacity 20711K, committed 20864K, reserved 1069056K
  class space    used 2003K, capacity 2078K, committed 2176K, reserved 1048576K
Event: 438.479 GC heap after
Heap after GC invocations=71 (full 0):
 PSYoungGen      total 16896K, used 96K [0x00000007aab00000, 0x00000007abc80000, 0x00000007c0000000)
  eden space 16384K, 0% used [0x00000007aab00000,0x00000007aab00000,0x00000007abb00000)
  from space 512K, 18% used [0x00000007abb80000,0x00000007abb98000,0x00000007abc00000)
  to   space 512K, 0% used [0x00000007abc00000,0x00000007abc00000,0x00000007abc80000)
 ParOldGen       total 44032K, used 18438K [0x0000000780000000, 0x0000000782b00000, 0x00000007aab00000)
  object space 44032K, 41% used [0x0000000780000000,0x0000000781201828,0x0000000782b00000)
 Metaspace       used 20509K, capacity 20711K, committed 20864K, reserved 1069056K
  class space    used 2003K, capacity 2078K, committed 2176K, reserved 1048576K
}
Event: 444.912 GC heap before
{Heap before GC invocations=72 (full 0):
 PSYoungGen      total 16896K, used 16480K [0x00000007aab00000, 0x00000007abc80000, 0x00000007c0000000)
  eden space 16384K, 100% used [0x00000007aab00000,0x00000007abb00000,0x00000007abb00000)
  from space 512K, 18% used [0x00000007abb80000,0x00000007abb98000,0x00000007abc00000)
  to   space 512K, 0% used [0x00000007abc00000,0x00000007abc00000,0x00000007abc80000)
 ParOldGen       total 44032K, used 18438K [0x0000000780000000, 0x0000000782b00000, 0x00000007aab00000)
  object space 44032K, 41% used [0x0000000780000000,0x0000000781201828,0x0000000782b00000)
 Metaspace       used 20509K, capacity 20711K, committed 20864K, reserved 1069056K
  class space    used 2003K, capacity 2078K, committed 2176K, reserved 1048576K
Event: 444.913 GC heap after
Heap after GC invocations=72 (full 0):
 PSYoungGen      total 16896K, used 96K [0x00000007aab00000, 0x00000007abc80000, 0x00000007c0000000)
  eden space 16384K, 0% used [0x00000007aab00000,0x00000007aab00000,0x00000007abb00000)
  from space 512K, 18% used [0x00000007abc00000,0x00000007abc18000,0x00000007abc80000)
  to   space 512K, 0% used [0x00000007abb80000,0x00000007abb80000,0x00000007abc00000)
 ParOldGen       total 44032K, used 18438K [0x0000000780000000, 0x0000000782b00000, 0x00000007aab00000)
  object space 44032K, 41% used [0x0000000780000000,0x0000000781201828,0x0000000782b00000)
 Metaspace       used 20509K, capacity 20711K, committed 20864K, reserved 1069056K
  class space    used 2003K, capacity 2078K, committed 2176K, reserved 1048576K
}
Event: 451.345 GC heap before
{Heap before GC invocations=73 (full 0):
 PSYoungGen      total 16896K, used 16480K [0x00000007aab00000, 0x00000007abc80000, 0x00000007c0000000)
  eden space 16384K, 100% used [0x00000007aab00000,0x00000007abb00000,0x00000007abb00000)
  from space 512K, 18% used [0x00000007abc00000,0x00000007abc18000,0x00000007abc80000)
  to   space 512K, 0% used [0x00000007abb80000,0x00000007abb80000,0x00000007abc00000)
 ParOldGen       total 44032K, used 18438K [0x0000000780000000, 0x0000000782b00000, 0x00000007aab00000)
  object space 44032K, 41% used [0x0000000780000000,0x0000000781201828,0x0000000782b00000)
 Metaspace       used 20509K, capacity 20711K, committed 20864K, reserved 1069056K
  class space    used 2003K, capacity 2078K, committed 2176K, reserved 1048576K
Event: 451.346 GC heap after
Heap after GC invocations=73 (full 0):
 PSYoungGen      total 16896K, used 96K [0x00000007aab00000, 0x00000007abc80000, 0x00000007c0000000)
  eden space 16384K, 0% used [0x00000007aab00000,0x00000007aab00000,0x00000007abb00000)
  from space 512K, 18% used [0x00000007abb80000,0x00000007abb98000,0x00000007abc00000)
  to   space 512K, 0% used [0x00000007abc00000,0x00000007abc00000,0x00000007abc80000)
 ParOldGen       total 44032K, used 18438K [0x0000000780000000, 0x0000000782b00000, 0x00000007aab00000)
  object space 44032K, 41% used [0x0000000780000000,0x0000000781201828,0x0000000782b00000)
 Metaspace       used 20509K, capacity 20711K, committed 20864K, reserved 1069056K
  class space    used 2003K, capacity 2078K, committed 2176K, reserved 1048576K
}
Event: 457.797 GC heap before
{Heap before GC invocations=74 (full 0):
 PSYoungGen      total 16896K, used 16480K [0x00000007aab00000, 0x00000007abc80000, 0x00000007c0000000)
  eden space 16384K, 100% used [0x00000007aab00000,0x00000007abb00000,0x00000007abb00000)
  from space 512K, 18% used [0x00000007abb80000,0x00000007abb98000,0x00000007abc00000)
  to   space 512K, 0% used [0x00000007abc00000,0x00000007abc00000,0x00000007abc80000)
 ParOldGen       total 44032K, used 18438K [0x0000000780000000, 0x0000000782b00000, 0x00000007aab00000)
  object space 44032K, 41% used [0x0000000780000000,0x0000000781201828,0x0000000782b00000)
 Metaspace       used 20509K, capacity 20711K, committed 20864K, reserved 1069056K
  class space    used 2003K, capacity 2078K, committed 2176K, reserved 1048576K
Event: 457.798 GC heap after
Heap after GC invocations=74 (full 0):
 PSYoungGen      total 16896K, used 96K [0x00000007aab00000, 0x00000007abc80000, 0x00000007c0000000)
  eden space 16384K, 0% used [0x00000007aab00000,0x00000007aab00000,0x00000007abb00000)
  from space 512K, 18% used [0x00000007abc00000,0x00000007abc18000,0x00000007abc80000)
  to   space 512K, 0% used [0x00000007abb80000,0x00000007abb80000,0x00000007abc00000)
 ParOldGen       total 44032K, used 18438K [0x0000000780000000, 0x0000000782b00000, 0x00000007aab00000)
  object space 44032K, 41% used [0x0000000780000000,0x0000000781201828,0x0000000782b00000)
 Metaspace       used 20509K, capacity 20711K, committed 20864K, reserved 1069056K
  class space    used 2003K, capacity 2078K, committed 2176K, reserved 1048576K
}
Event: 464.268 GC heap before
{Heap before GC invocations=75 (full 0):
 PSYoungGen      total 16896K, used 16480K [0x00000007aab00000, 0x00000007abc80000, 0x00000007c0000000)
  eden space 16384K, 100% used [0x00000007aab00000,0x00000007abb00000,0x00000007abb00000)
  from space 512K, 18% used [0x00000007abc00000,0x00000007abc18000,0x00000007abc80000)
  to   space 512K, 0% used [0x00000007abb80000,0x00000007abb80000,0x00000007abc00000)
 ParOldGen       total 44032K, used 18438K [0x0000000780000000, 0x0000000782b00000, 0x00000007aab00000)
  object space 44032K, 41% used [0x0000000780000000,0x0000000781201828,0x0000000782b00000)
 Metaspace       used 20509K, capacity 20711K, committed 20864K, reserved 1069056K
  class space    used 2003K, capacity 2078K, committed 2176K, reserved 1048576K
Event: 464.270 GC heap after
Heap after GC invocations=75 (full 0):
 PSYoungGen      total 16896K, used 64K [0x00000007aab00000, 0x00000007abc80000, 0x00000007c0000000)
  eden space 16384K, 0% used [0x00000007aab00000,0x00000007aab00000,0x00000007abb00000)
  from space 512K, 12% used [0x00000007abb80000,0x00000007abb90000,0x00000007abc00000)
  to   space 512K, 0% used [0x00000007abc00000,0x00000007abc00000,0x00000007abc80000)
 ParOldGen       total 44032K, used 18438K [0x0000000780000000, 0x0000000782b00000, 0x00000007aab00000)
  object space 44032K, 41% used [0x0000000780000000,0x0000000781201828,0x0000000782b00000)
 Metaspace       used 20509K, capacity 20711K, committed 20864K, reserved 1069056K
  class space    used 2003K, capacity 2078K, committed 2176K, reserved 1048576K
}

