# JRE version: Java(TM) SE Runtime Environment (8.0_66-b17) (build 1.8.0_66-b17)
# Java VM: Java HotSpot(TM) 64-Bit Server VM (25.66-b17 mixed mode bsd-amd64 compressed oops)
Heap:
 PSYoungGen      total 26112K, used 842K [0x00000007aab00000, 0x00000007ace00000, 0x00000007c0000000)
  eden space 16384K, 4% used [0x00000007aab00000,0x00000007aabb2848,0x00000007abb00000)
  from space 9728K, 1% used [0x00000007ac480000,0x00000007ac4a0000,0x00000007ace00000)
  to   space 9728K, 0% used [0x00000007abb00000,0x00000007abb00000,0x00000007ac480000)
 ParOldGen       total 44032K, used 17411K [0x0000000780000000, 0x0000000782b00000, 0x00000007aab00000)
  object space 44032K, 39% used [0x0000000780000000,0x0000000781100c48,0x0000000782b00000)
 Metaspace       used 20566K, capacity 20779K, committed 21120K, reserved 1069056K
  class space    used 2009K, capacity 2078K, committed 2176K, reserved 1048576K
GC Heap History (10 events):
Event: 15.267 GC heap before
{Heap before GC invocations=6 (full 0):
 PSYoungGen      total 18944K, used 18912K [0x00000007aab00000, 0x00000007acd00000, 0x00000007c0000000)
  eden space 16384K, 100% used [0x00000007aab00000,0x00000007abb00000,0x00000007abb00000)
  from space 2560K, 98% used [0x00000007abb00000,0x00000007abd78070,0x00000007abd80000)
  to   space 9216K, 0% used [0x00000007ac400000,0x00000007ac400000,0x00000007acd00000)
 ParOldGen       total 44032K, used 14778K [0x0000000780000000, 0x0000000782b00000, 0x00000007aab00000)
  object space 44032K, 33% used [0x0000000780000000,0x0000000780e6e8a8,0x0000000782b00000)
 Metaspace       used 20425K, capacity 20577K, committed 20864K, reserved 1069056K
  class space    used 2001K, capacity 2077K, committed 2176K, reserved 1048576K
Event: 15.276 GC heap after
Heap after GC invocations=6 (full 0):
 PSYoungGen      total 25600K, used 2592K [0x00000007aab00000, 0x00000007acd00000, 0x00000007c0000000)
  eden space 16384K, 0% used [0x00000007aab00000,0x00000007aab00000,0x00000007abb00000)
  from space 9216K, 28% used [0x00000007ac400000,0x00000007ac688050,0x00000007acd00000)
  to   space 9216K, 0% used [0x00000007abb00000,0x00000007abb00000,0x00000007ac400000)
 ParOldGen       total 44032K, used 14778K [0x0000000780000000, 0x0000000782b00000, 0x00000007aab00000)
  object space 44032K, 33% used [0x0000000780000000,0x0000000780e6e8a8,0x0000000782b00000)
 Metaspace       used 20425K, capacity 20577K, committed 20864K, reserved 1069056K
  class space    used 2001K, capacity 2077K, committed 2176K, reserved 1048576K
}
Event: 21.305 GC heap before
{Heap before GC invocations=7 (full 0):
 PSYoungGen      total 25600K, used 18976K [0x00000007aab00000, 0x00000007acd00000, 0x00000007c0000000)
  eden space 16384K, 100% used [0x00000007aab00000,0x00000007abb00000,0x00000007abb00000)
  from space 9216K, 28% used [0x00000007ac400000,0x00000007ac688050,0x00000007acd00000)
  to   space 9216K, 0% used [0x00000007abb00000,0x00000007abb00000,0x00000007ac400000)
 ParOldGen       total 44032K, used 14778K [0x0000000780000000, 0x0000000782b00000, 0x00000007aab00000)
  object space 44032K, 33% used [0x0000000780000000,0x0000000780e6e8a8,0x0000000782b00000)
 Metaspace       used 20527K, capacity 20779K, committed 21120K, reserved 1069056K
  class space    used 2002K, capacity 2078K, committed 2176K, reserved 1048576K
Event: 21.312 GC heap after
Heap after GC invocations=7 (full 0):
 PSYoungGen      total 25600K, used 1728K [0x00000007aab00000, 0x00000007acd00000, 0x00000007c0000000)
  eden space 16384K, 0% used [0x00000007aab00000,0x00000007aab00000,0x00000007abb00000)
  from space 9216K, 18% used [0x00000007abb00000,0x00000007abcb0050,0x00000007ac400000)
  to   space 9216K, 0% used [0x00000007ac400000,0x00000007ac400000,0x00000007acd00000)
 ParOldGen       total 44032K, used 15658K [0x0000000780000000, 0x0000000782b00000, 0x00000007aab00000)
  object space 44032K, 35% used [0x0000000780000000,0x0000000780f4a918,0x0000000782b00000)
 Metaspace       used 20527K, capacity 20779K, committed 21120K, reserved 1069056K
  class space    used 2002K, capacity 2078K, committed 2176K, reserved 1048576K
}
Event: 27.624 GC heap before
{Heap before GC invocations=8 (full 0):
 PSYoungGen      total 25600K, used 18112K [0x00000007aab00000, 0x00000007acd00000, 0x00000007c0000000)
  eden space 16384K, 100% used [0x00000007aab00000,0x00000007abb00000,0x00000007abb00000)
  from space 9216K, 18% used [0x00000007abb00000,0x00000007abcb0050,0x00000007ac400000)
  to   space 9216K, 0% used [0x00000007ac400000,0x00000007ac400000,0x00000007acd00000)
 ParOldGen       total 44032K, used 15658K [0x0000000780000000, 0x0000000782b00000, 0x00000007aab00000)
  object space 44032K, 35% used [0x0000000780000000,0x0000000780f4a918,0x0000000782b00000)
 Metaspace       used 20530K, capacity 20779K, committed 21120K, reserved 1069056K
  class space    used 2002K, capacity 2078K, committed 2176K, reserved 1048576K
Event: 27.626 GC heap after
Heap after GC invocations=8 (full 0):
 PSYoungGen      total 25600K, used 1440K [0x00000007aab00000, 0x00000007acd00000, 0x00000007c0000000)
  eden space 16384K, 0% used [0x00000007aab00000,0x00000007aab00000,0x00000007abb00000)
  from space 9216K, 15% used [0x00000007ac400000,0x00000007ac568050,0x00000007acd00000)
  to   space 9216K, 0% used [0x00000007abb00000,0x00000007abb00000,0x00000007ac400000)
 ParOldGen       total 44032K, used 16034K [0x0000000780000000, 0x0000000782b00000, 0x00000007aab00000)
  object space 44032K, 36% used [0x0000000780000000,0x0000000780fa8bf8,0x0000000782b00000)
 Metaspace       used 20530K, capacity 20779K, committed 21120K, reserved 1069056K
  class space    used 2002K, capacity 2078K, committed 2176K, reserved 1048576K
}
Event: 33.975 GC heap before
{Heap before GC invocations=9 (full 0):
 PSYoungGen      total 25600K, used 17824K [0x00000007aab00000, 0x00000007acd00000, 0x00000007c0000000)
  eden space 16384K, 100% used [0x00000007aab00000,0x00000007abb00000,0x00000007abb00000)
  from space 9216K, 15% used [0x00000007ac400000,0x00000007ac568050,0x00000007acd00000)
  to   space 9216K, 0% used [0x00000007abb00000,0x00000007abb00000,0x00000007ac400000)
 ParOldGen       total 44032K, used 16034K [0x0000000780000000, 0x0000000782b00000, 0x00000007aab00000)
  object space 44032K, 36% used [0x0000000780000000,0x0000000780fa8bf8,0x0000000782b00000)
 Metaspace       used 20530K, capacity 20779K, committed 21120K, reserved 1069056K
  class space    used 2002K, capacity 2078K, committed 2176K, reserved 1048576K
Event: 33.977 GC heap after
Heap after GC invocations=9 (full 0):
 PSYoungGen      total 25600K, used 96K [0x00000007aab00000, 0x00000007ace00000, 0x00000007c0000000)
  eden space 16384K, 0% used [0x00000007aab00000,0x00000007aab00000,0x00000007abb00000)
  from space 9216K, 1% used [0x00000007abb00000,0x00000007abb18000,0x00000007ac400000)
  to   space 9728K, 0% used [0x00000007ac480000,0x00000007ac480000,0x00000007ace00000)
 ParOldGen       total 44032K, used 17363K [0x0000000780000000, 0x0000000782b00000, 0x00000007aab00000)
  object space 44032K, 39% used [0x0000000780000000,0x00000007810f4c48,0x0000000782b00000)
 Metaspace       used 20530K, capacity 20779K, committed 21120K, reserved 1069056K
  class space    used 2002K, capacity 2078K, committed 2176K, reserved 1048576K
}
Event: 40.376 GC heap before
{Heap before GC invocations=10 (full 0):
 PSYoungGen      total 25600K, used 16480K [0x00000007aab00000, 0x00000007ace00000, 0x00000007c0000000)
  eden space 16384K, 100% used [0x00000007aab00000,0x00000007abb00000,0x00000007abb00000)
  from space 9216K, 1% used [0x00000007abb00000,0x00000007abb18000,0x00000007ac400000)
  to   space 9728K, 0% used [0x00000007ac480000,0x00000007ac480000,0x00000007ace00000)
 ParOldGen       total 44032K, used 17363K [0x0000000780000000, 0x0000000782b00000, 0x00000007aab00000)
  object space 44032K, 39% used [0x0000000780000000,0x00000007810f4c48,0x0000000782b00000)
 Metaspace       used 20531K, capacity 20779K, committed 21120K, reserved 1069056K
  class space    used 2002K, capacity 2078K, committed 2176K, reserved 1048576K
Event: 40.377 GC heap after
Heap after GC invocations=10 (full 0):
 PSYoungGen      total 26112K, used 128K [0x00000007aab00000, 0x00000007ace00000, 0x00000007c0000000)
  eden space 16384K, 0% used [0x00000007aab00000,0x00000007aab00000,0x00000007abb00000)
  from space 9728K, 1% used [0x00000007ac480000,0x00000007ac4a0000,0x00000007ace00000)
  to   space 9728K, 0% used [0x00000007abb00000,0x00000007abb00000,0x00000007ac480000)
 ParOldGen       total 44032K, used 17411K [0x0000000780000000, 0x0000000782b00000, 0x00000007aab00000)
  object space 44032K, 39% used [0x0000000780000000,0x0000000781100c48,0x0000000782b00000)
 Metaspace       used 20531K, capacity 20779K, committed 21120K, reserved 1069056K
  class space    used 2002K, capacity 2078K, committed 2176K, reserved 1048576K
}

