# JRE version: Java(TM) SE Runtime Environment (8.0_66-b17) (build 1.8.0_66-b17)
# Java VM: Java HotSpot(TM) 64-Bit Server VM (25.66-b17 mixed mode bsd-amd64 compressed oops)
Heap:
 PSYoungGen      total 18944K, used 10995K [0x00000007aab00000, 0x00000007ac800000, 0x00000007c0000000)
  eden space 16384K, 53% used [0x00000007aab00000,0x00000007ab383b60,0x00000007abb00000)
  from space 2560K, 88% used [0x00000007abb00000,0x00000007abd39330,0x00000007abd80000)
  to   space 6656K, 0% used [0x00000007ac180000,0x00000007ac180000,0x00000007ac800000)
 ParOldGen       total 44032K, used 28291K [0x0000000780000000, 0x0000000782b00000, 0x00000007aab00000)
  object space 44032K, 64% used [0x0000000780000000,0x0000000781ba0dc8,0x0000000782b00000)
 Metaspace       used 19099K, capacity 19275K, committed 19328K, reserved 1067008K
  class space    used 1866K, capacity 1918K, committed 1920K, reserved 1048576K
GC Heap History (10 events):
Event: 19.792 GC heap before
{Heap before GC invocations=15 (full 0):
 PSYoungGen      total 23552K, used 18224K [0x00000007aab00000, 0x00000007aca00000, 0x00000007c0000000)
  eden space 16384K, 100% used [0x00000007aab00000,0x00000007abb00000,0x00000007abb00000)
  from space 7168K, 25% used [0x00000007ac300000,0x00000007ac4cc0a0,0x00000007aca00000)
  to   space 7680K, 0% used [0x00000007abb00000,0x00000007abb00000,0x00000007ac280000)
 ParOldGen       total 44032K, used 20482K [0x0000000780000000, 0x0000000782b00000, 0x00000007aab00000)
  object space 44032K, 46% used [0x0000000780000000,0x0000000781400a28,0x0000000782b00000)
 Metaspace       used 18948K, capacity 19143K, committed 19328K, reserved 1067008K
  class space    used 1859K, capacity 1918K, committed 1920K, reserved 1048576K
Event: 19.794 GC heap after
Heap after GC invocations=15 (full 0):
 PSYoungGen      total 24064K, used 1184K [0x00000007aab00000, 0x00000007aca00000, 0x00000007c0000000)
  eden space 16384K, 0% used [0x00000007aab00000,0x00000007aab00000,0x00000007abb00000)
  from space 7680K, 15% used [0x00000007abb00000,0x00000007abc28050,0x00000007ac280000)
  to   space 7680K, 0% used [0x00000007ac280000,0x00000007ac280000,0x00000007aca00000)
 ParOldGen       total 44032K, used 22162K [0x0000000780000000, 0x0000000782b00000, 0x00000007aab00000)
  object space 44032K, 50% used [0x0000000780000000,0x00000007815a4b08,0x0000000782b00000)
 Metaspace       used 18948K, capacity 19143K, committed 19328K, reserved 1067008K
  class space    used 1859K, capacity 1918K, committed 1920K, reserved 1048576K
}
Event: 20.157 GC heap before
{Heap before GC invocations=16 (full 0):
 PSYoungGen      total 24064K, used 17568K [0x00000007aab00000, 0x00000007aca00000, 0x00000007c0000000)
  eden space 16384K, 100% used [0x00000007aab00000,0x00000007abb00000,0x00000007abb00000)
  from space 7680K, 15% used [0x00000007abb00000,0x00000007abc28050,0x00000007ac280000)
  to   space 7680K, 0% used [0x00000007ac280000,0x00000007ac280000,0x00000007aca00000)
 ParOldGen       total 44032K, used 22162K [0x0000000780000000, 0x0000000782b00000, 0x00000007aab00000)
  object space 44032K, 50% used [0x0000000780000000,0x00000007815a4b08,0x0000000782b00000)
 Metaspace       used 18957K, capacity 19147K, committed 19328K, reserved 1067008K
  class space    used 1859K, capacity 1918K, committed 1920K, reserved 1048576K
Event: 20.160 GC heap after
Heap after GC invocations=16 (full 0):
 PSYoungGen      total 23040K, used 3136K [0x00000007aab00000, 0x00000007ac900000, 0x00000007c0000000)
  eden space 16384K, 0% used [0x00000007aab00000,0x00000007aab00000,0x00000007abb00000)
  from space 6656K, 47% used [0x00000007ac280000,0x00000007ac5900d0,0x00000007ac900000)
  to   space 7168K, 0% used [0x00000007abb00000,0x00000007abb00000,0x00000007ac200000)
 ParOldGen       total 44032K, used 23274K [0x0000000780000000, 0x0000000782b00000, 0x00000007aab00000)
  object space 44032K, 52% used [0x0000000780000000,0x00000007816bab78,0x0000000782b00000)
 Metaspace       used 18957K, capacity 19147K, committed 19328K, reserved 1067008K
  class space    used 1859K, capacity 1918K, committed 1920K, reserved 1048576K
}
Event: 20.988 GC heap before
{Heap before GC invocations=17 (full 0):
 PSYoungGen      total 23040K, used 19520K [0x00000007aab00000, 0x00000007ac900000, 0x00000007c0000000)
  eden space 16384K, 100% used [0x00000007aab00000,0x00000007abb00000,0x00000007abb00000)
  from space 6656K, 47% used [0x00000007ac280000,0x00000007ac5900d0,0x00000007ac900000)
  to   space 7168K, 0% used [0x00000007abb00000,0x00000007abb00000,0x00000007ac200000)
 ParOldGen       total 44032K, used 23274K [0x0000000780000000, 0x0000000782b00000, 0x00000007aab00000)
  object space 44032K, 52% used [0x0000000780000000,0x00000007816bab78,0x0000000782b00000)
 Metaspace       used 19009K, capacity 19211K, committed 19328K, reserved 1067008K
  class space    used 1859K, capacity 1918K, committed 1920K, reserved 1048576K
Event: 20.991 GC heap after
Heap after GC invocations=17 (full 0):
 PSYoungGen      total 23552K, used 1264K [0x00000007aab00000, 0x00000007ac900000, 0x00000007c0000000)
  eden space 16384K, 0% used [0x00000007aab00000,0x00000007aab00000,0x00000007abb00000)
  from space 7168K, 17% used [0x00000007abb00000,0x00000007abc3c080,0x00000007ac200000)
  to   space 7168K, 0% used [0x00000007ac200000,0x00000007ac200000,0x00000007ac900000)
 ParOldGen       total 44032K, used 26235K [0x0000000780000000, 0x0000000782b00000, 0x00000007aab00000)
  object space 44032K, 59% used [0x0000000780000000,0x000000078199ecb8,0x0000000782b00000)
 Metaspace       used 19009K, capacity 19211K, committed 19328K, reserved 1067008K
  class space    used 1859K, capacity 1918K, committed 1920K, reserved 1048576K
}
Event: 21.847 GC heap before
{Heap before GC invocations=18 (full 0):
 PSYoungGen      total 23552K, used 17636K [0x00000007aab00000, 0x00000007ac900000, 0x00000007c0000000)
  eden space 16384K, 99% used [0x00000007aab00000,0x00000007abafd370,0x00000007abb00000)
  from space 7168K, 17% used [0x00000007abb00000,0x00000007abc3c080,0x00000007ac200000)
  to   space 7168K, 0% used [0x00000007ac200000,0x00000007ac200000,0x00000007ac900000)
 ParOldGen       total 44032K, used 26235K [0x0000000780000000, 0x0000000782b00000, 0x00000007aab00000)
  object space 44032K, 59% used [0x0000000780000000,0x000000078199ecb8,0x0000000782b00000)
 Metaspace       used 19013K, capacity 19211K, committed 19328K, reserved 1067008K
  class space    used 1859K, capacity 1918K, committed 1920K, reserved 1048576K
Event: 21.849 GC heap after
Heap after GC invocations=18 (full 0):
 PSYoungGen      total 23552K, used 1241K [0x00000007aab00000, 0x00000007ac900000, 0x00000007c0000000)
  eden space 16384K, 0% used [0x00000007aab00000,0x00000007aab00000,0x00000007abb00000)
  from space 7168K, 17% used [0x00000007ac200000,0x00000007ac336418,0x00000007ac900000)
  to   space 7168K, 0% used [0x00000007abb00000,0x00000007abb00000,0x00000007ac200000)
 ParOldGen       total 44032K, used 27155K [0x0000000780000000, 0x0000000782b00000, 0x00000007aab00000)
  object space 44032K, 61% used [0x0000000780000000,0x0000000781a84d48,0x0000000782b00000)
 Metaspace       used 19013K, capacity 19211K, committed 19328K, reserved 1067008K
  class space    used 1859K, capacity 1918K, committed 1920K, reserved 1048576K
}
Event: 22.630 GC heap before
{Heap before GC invocations=19 (full 0):
 PSYoungGen      total 23552K, used 17624K [0x00000007aab00000, 0x00000007ac900000, 0x00000007c0000000)
  eden space 16384K, 99% used [0x00000007aab00000,0x00000007abaffc18,0x00000007abb00000)
  from space 7168K, 17% used [0x00000007ac200000,0x00000007ac336418,0x00000007ac900000)
  to   space 7168K, 0% used [0x00000007abb00000,0x00000007abb00000,0x00000007ac200000)
 ParOldGen       total 44032K, used 27155K [0x0000000780000000, 0x0000000782b00000, 0x00000007aab00000)
  object space 44032K, 61% used [0x0000000780000000,0x0000000781a84d48,0x0000000782b00000)
 Metaspace       used 19062K, capacity 19275K, committed 19328K, reserved 1067008K
  class space    used 1859K, capacity 1918K, committed 1920K, reserved 1048576K
Event: 22.632 GC heap after
Heap after GC invocations=19 (full 0):
 PSYoungGen      total 18944K, used 2276K [0x00000007aab00000, 0x00000007ac800000, 0x00000007c0000000)
  eden space 16384K, 0% used [0x00000007aab00000,0x00000007aab00000,0x00000007abb00000)
  from space 2560K, 88% used [0x00000007abb00000,0x00000007abd39330,0x00000007abd80000)
  to   space 6656K, 0% used [0x00000007ac180000,0x00000007ac180000,0x00000007ac800000)
 ParOldGen       total 44032K, used 28291K [0x0000000780000000, 0x0000000782b00000, 0x00000007aab00000)
  object space 44032K, 64% used [0x0000000780000000,0x0000000781ba0dc8,0x0000000782b00000)
 Metaspace       used 19062K, capacity 19275K, committed 19328K, reserved 1067008K
  class space    used 1859K, capacity 1918K, committed 1920K, reserved 1048576K
}

