# JRE version: Java(TM) SE Runtime Environment (8.0_66-b17) (build 1.8.0_66-b17)
# Java VM: Java HotSpot(TM) 64-Bit Server VM (25.66-b17 mixed mode bsd-amd64 compressed oops)
Heap:
 PSYoungGen      total 25088K, used 16740K [0x00000007aab00000, 0x00000007acc80000, 0x00000007c0000000)
  eden space 15872K, 96% used [0x00000007aab00000,0x00000007ab9f1240,0x00000007aba80000)
  from space 9216K, 15% used [0x00000007aba80000,0x00000007abbe8040,0x00000007ac380000)
  to   space 9216K, 0% used [0x00000007ac380000,0x00000007ac380000,0x00000007acc80000)
 ParOldGen       total 44032K, used 16235K [0x0000000780000000, 0x0000000782b00000, 0x00000007aab00000)
  object space 44032K, 36% used [0x0000000780000000,0x0000000780fdacc0,0x0000000782b00000)
 Metaspace       used 20824K, capacity 21003K, committed 21120K, reserved 1069056K
  class space    used 2030K, capacity 2110K, committed 2176K, reserved 1048576K
GC Heap History (10 events):
Event: 4.270 GC heap before
{Heap before GC invocations=3 (full 0):
 PSYoungGen      total 18944K, used 17259K [0x00000007aab00000, 0x00000007ac000000, 0x00000007c0000000)
  eden space 16384K, 89% used [0x00000007aab00000,0x00000007ab962ea0,0x00000007abb00000)
  from space 2560K, 98% used [0x00000007abd80000,0x00000007abff8040,0x00000007ac000000)
  to   space 2560K, 0% used [0x00000007abb00000,0x00000007abb00000,0x00000007abd80000)
 ParOldGen       total 44032K, used 2410K [0x0000000780000000, 0x0000000782b00000, 0x00000007aab00000)
  object space 44032K, 5% used [0x0000000780000000,0x000000078025a960,0x0000000782b00000)
 Metaspace       used 19062K, capacity 19259K, committed 19456K, reserved 1067008K
  class space    used 1942K, capacity 2044K, committed 2048K, reserved 1048576K
Event: 4.280 GC heap after
Heap after GC invocations=3 (full 0):
 PSYoungGen      total 18944K, used 2528K [0x00000007aab00000, 0x00000007ac000000, 0x00000007c0000000)
  eden space 16384K, 0% used [0x00000007aab00000,0x00000007aab00000,0x00000007abb00000)
  from space 2560K, 98% used [0x00000007abb00000,0x00000007abd78060,0x00000007abd80000)
  to   space 2560K, 0% used [0x00000007abd80000,0x00000007abd80000,0x00000007ac000000)
 ParOldGen       total 44032K, used 5410K [0x0000000780000000, 0x0000000782b00000, 0x00000007aab00000)
  object space 44032K, 12% used [0x0000000780000000,0x0000000780548890,0x0000000782b00000)
 Metaspace       used 19062K, capacity 19259K, committed 19456K, reserved 1067008K
  class space    used 1942K, capacity 2044K, committed 2048K, reserved 1048576K
}
Event: 5.111 GC heap before
{Heap before GC invocations=4 (full 0):
 PSYoungGen      total 18944K, used 18906K [0x00000007aab00000, 0x00000007ac000000, 0x00000007c0000000)
  eden space 16384K, 99% used [0x00000007aab00000,0x00000007abafeac0,0x00000007abb00000)
  from space 2560K, 98% used [0x00000007abb00000,0x00000007abd78060,0x00000007abd80000)
  to   space 2560K, 0% used [0x00000007abd80000,0x00000007abd80000,0x00000007ac000000)
 ParOldGen       total 44032K, used 5410K [0x0000000780000000, 0x0000000782b00000, 0x00000007aab00000)
  object space 44032K, 12% used [0x0000000780000000,0x0000000780548890,0x0000000782b00000)
 Metaspace       used 20096K, capacity 20357K, committed 20608K, reserved 1067008K
  class space    used 2022K, capacity 2109K, committed 2176K, reserved 1048576K
Event: 5.123 GC heap after
Heap after GC invocations=4 (full 0):
 PSYoungGen      total 18944K, used 2544K [0x00000007aab00000, 0x00000007ac000000, 0x00000007c0000000)
  eden space 16384K, 0% used [0x00000007aab00000,0x00000007aab00000,0x00000007abb00000)
  from space 2560K, 99% used [0x00000007abd80000,0x00000007abffc040,0x00000007ac000000)
  to   space 2560K, 0% used [0x00000007abb00000,0x00000007abb00000,0x00000007abd80000)
 ParOldGen       total 44032K, used 12046K [0x0000000780000000, 0x0000000782b00000, 0x00000007aab00000)
  object space 44032K, 27% used [0x0000000780000000,0x0000000780bc3bd0,0x0000000782b00000)
 Metaspace       used 20096K, capacity 20357K, committed 20608K, reserved 1067008K
  class space    used 2022K, capacity 2109K, committed 2176K, reserved 1048576K
}
Event: 5.881 GC heap before
{Heap before GC invocations=5 (full 0):
 PSYoungGen      total 18944K, used 18928K [0x00000007aab00000, 0x00000007ac000000, 0x00000007c0000000)
  eden space 16384K, 100% used [0x00000007aab00000,0x00000007abb00000,0x00000007abb00000)
  from space 2560K, 99% used [0x00000007abd80000,0x00000007abffc040,0x00000007ac000000)
  to   space 2560K, 0% used [0x00000007abb00000,0x00000007abb00000,0x00000007abd80000)
 ParOldGen       total 44032K, used 12046K [0x0000000780000000, 0x0000000782b00000, 0x00000007aab00000)
  object space 44032K, 27% used [0x0000000780000000,0x0000000780bc3bd0,0x0000000782b00000)
 Metaspace       used 20292K, capacity 20549K, committed 20864K, reserved 1069056K
  class space    used 2022K, capacity 2109K, committed 2176K, reserved 1048576K
Event: 5.888 GC heap after
Heap after GC invocations=5 (full 0):
 PSYoungGen      total 18944K, used 2544K [0x00000007aab00000, 0x00000007acc00000, 0x00000007c0000000)
  eden space 16384K, 0% used [0x00000007aab00000,0x00000007aab00000,0x00000007abb00000)
  from space 2560K, 99% used [0x00000007abb00000,0x00000007abd7c050,0x00000007abd80000)
  to   space 8704K, 0% used [0x00000007ac380000,0x00000007ac380000,0x00000007acc00000)
 ParOldGen       total 44032K, used 15143K [0x0000000780000000, 0x0000000782b00000, 0x00000007aab00000)
  object space 44032K, 34% used [0x0000000780000000,0x0000000780ec9c90,0x0000000782b00000)
 Metaspace       used 20292K, capacity 20549K, committed 20864K, reserved 1069056K
  class space    used 2022K, capacity 2109K, committed 2176K, reserved 1048576K
}
Event: 11.818 GC heap before
{Heap before GC invocations=6 (full 0):
 PSYoungGen      total 18944K, used 18928K [0x00000007aab00000, 0x00000007acc00000, 0x00000007c0000000)
  eden space 16384K, 100% used [0x00000007aab00000,0x00000007abb00000,0x00000007abb00000)
  from space 2560K, 99% used [0x00000007abb00000,0x00000007abd7c050,0x00000007abd80000)
  to   space 8704K, 0% used [0x00000007ac380000,0x00000007ac380000,0x00000007acc00000)
 ParOldGen       total 44032K, used 15143K [0x0000000780000000, 0x0000000782b00000, 0x00000007aab00000)
  object space 44032K, 34% used [0x0000000780000000,0x0000000780ec9c90,0x0000000782b00000)
 Metaspace       used 20688K, capacity 20939K, committed 21120K, reserved 1069056K
  class space    used 2023K, capacity 2110K, committed 2176K, reserved 1048576K
Event: 11.827 GC heap after
Heap after GC invocations=6 (full 0):
 PSYoungGen      total 24576K, used 2544K [0x00000007aab00000, 0x00000007acd00000, 0x00000007c0000000)
  eden space 15872K, 0% used [0x00000007aab00000,0x00000007aab00000,0x00000007aba80000)
  from space 8704K, 29% used [0x00000007ac380000,0x00000007ac5fc050,0x00000007acc00000)
  to   space 9216K, 0% used [0x00000007aba80000,0x00000007aba80000,0x00000007ac380000)
 ParOldGen       total 44032K, used 15143K [0x0000000780000000, 0x0000000782b00000, 0x00000007aab00000)
  object space 44032K, 34% used [0x0000000780000000,0x0000000780ec9c90,0x0000000782b00000)
 Metaspace       used 20688K, capacity 20939K, committed 21120K, reserved 1069056K
  class space    used 2023K, capacity 2110K, committed 2176K, reserved 1048576K
}
Event: 17.685 GC heap before
{Heap before GC invocations=7 (full 0):
 PSYoungGen      total 24576K, used 18416K [0x00000007aab00000, 0x00000007acd00000, 0x00000007c0000000)
  eden space 15872K, 100% used [0x00000007aab00000,0x00000007aba80000,0x00000007aba80000)
  from space 8704K, 29% used [0x00000007ac380000,0x00000007ac5fc050,0x00000007acc00000)
  to   space 9216K, 0% used [0x00000007aba80000,0x00000007aba80000,0x00000007ac380000)
 ParOldGen       total 44032K, used 15143K [0x0000000780000000, 0x0000000782b00000, 0x00000007aab00000)
  object space 44032K, 34% used [0x0000000780000000,0x0000000780ec9c90,0x0000000782b00000)
 Metaspace       used 20776K, capacity 21003K, committed 21120K, reserved 1069056K
  class space    used 2023K, capacity 2110K, committed 2176K, reserved 1048576K
Event: 17.695 GC heap after
Heap after GC invocations=7 (full 0):
 PSYoungGen      total 25088K, used 1440K [0x00000007aab00000, 0x00000007acc80000, 0x00000007c0000000)
  eden space 15872K, 0% used [0x00000007aab00000,0x00000007aab00000,0x00000007aba80000)
  from space 9216K, 15% used [0x00000007aba80000,0x00000007abbe8040,0x00000007ac380000)
  to   space 9216K, 0% used [0x00000007ac380000,0x00000007ac380000,0x00000007acc80000)
 ParOldGen       total 44032K, used 16235K [0x0000000780000000, 0x0000000782b00000, 0x00000007aab00000)
  object space 44032K, 36% used [0x0000000780000000,0x0000000780fdacc0,0x0000000782b00000)
 Metaspace       used 20776K, capacity 21003K, committed 21120K, reserved 1069056K
  class space    used 2023K, capacity 2110K, committed 2176K, reserved 1048576K
}

